<?xml version="1.0" encoding="UTF-8"?>
<coverage generated="1777991618287" clover="3.2.0">
  <project timestamp="1777991618287" name="All files">
    <metrics statements="39" coveredstatements="34" conditionals="15" coveredconditionals="7" methods="18" coveredmethods="15" elements="72" coveredelements="56" complexity="0" loc="39" ncloc="39" packages="1" files="1" classes="1"/>
    <file name="dataProcessor.js" path="D:\me\project\项目四\services\dataProcessor.js">
      <metrics statements="39" coveredstatements="34" conditionals="15" coveredconditionals="7" methods="18" coveredmethods="15"/>
      <line num="7" count="1" type="stmt"/>
      <line num="8" count="1" type="stmt"/>
      <line num="9" count="1" type="stmt"/>
      <line num="13" count="1" type="stmt"/>
      <line num="16" count="1" type="stmt"/>
      <line num="18" count="1" type="stmt"/>
      <line num="22" count="1" type="stmt"/>
      <line num="30" count="3" type="stmt"/>
      <line num="32" count="3" type="stmt"/>
      <line num="33" count="4" type="stmt"/>
      <line num="34" count="7" type="cond" truecount="2" falsecount="0"/>
      <line num="35" count="6" type="stmt"/>
      <line num="41" count="7" type="stmt"/>
      <line num="42" count="7" type="stmt"/>
      <line num="47" count="3" type="stmt"/>
      <line num="48" count="5" type="stmt"/>
      <line num="52" count="6" type="stmt"/>
      <line num="54" count="6" type="stmt"/>
      <line num="64" count="1" type="stmt"/>
      <line num="65" count="1" type="stmt"/>
      <line num="67" count="1" type="stmt"/>
      <line num="68" count="1" type="stmt"/>
      <line num="77" count="0" type="stmt"/>
      <line num="86" count="2" type="stmt"/>
      <line num="87" count="2" type="stmt"/>
      <line num="88" count="2" type="stmt"/>
      <line num="91" count="2" type="stmt"/>
      <line num="92" count="2" type="stmt"/>
      <line num="94" count="2" type="stmt"/>
      <line num="95" count="2" type="stmt"/>
      <line num="96" count="3" type="stmt"/>
      <line num="98" count="2" type="stmt"/>
      <line num="104" count="2" type="stmt"/>
      <line num="107" count="2" type="stmt"/>
      <line num="114" count="0" type="stmt"/>
      <line num="145" count="0" type="cond" truecount="0" falsecount="2"/>
      <line num="152" count="0" type="stmt"/>
      <line num="173" count="0" type="cond" truecount="0" falsecount="2"/>
      <line num="177" count="1" type="stmt"/>
    </file>
  </project>
</coverage>
