{"D:\\me\\project\\项目四\\services\\dataProcessor.js": {"path":"D:\\me\\project\\项目四\\services\\dataProcessor.js","statementMap":{"0":{"start":{"line":7,"column":28},"end":{"line":7,"column":30}},"1":{"start":{"line":8,"column":4},"end":{"line":10,"column":7}},"2":{"start":{"line":9,"column":6},"end":{"line":9,"column":40}},"3":{"start":{"line":13,"column":26},"end":{"line":13,"column":60}},"4":{"start":{"line":16,"column":25},"end":{"line":16,"column":58}},"5":{"start":{"line":18,"column":4},"end":{"line":23,"column":6}},"6":{"start":{"line":22,"column":59},"end":{"line":22,"column":72}},"7":{"start":{"line":30,"column":24},"end":{"line":30,"column":26}},"8":{"start":{"line":32,"column":4},"end":{"line":44,"column":7}},"9":{"start":{"line":33,"column":6},"end":{"line":43,"column":9}},"10":{"start":{"line":34,"column":8},"end":{"line":40,"column":9}},"11":{"start":{"line":35,"column":10},"end":{"line":39,"column":12}},"12":{"start":{"line":41,"column":8},"end":{"line":41,"column":41}},"13":{"start":{"line":42,"column":8},"end":{"line":42,"column":48}},"14":{"start":{"line":47,"column":22},"end":{"line":49,"column":19}},"15":{"start":{"line":48,"column":22},"end":{"line":48,"column":39}},"16":{"start":{"line":52,"column":23},"end":{"line":52,"column":75}},"17":{"start":{"line":52,"column":55},"end":{"line":52,"column":71}},"18":{"start":{"line":54,"column":4},"end":{"line":57,"column":8}},"19":{"start":{"line":54,"column":34},"end":{"line":57,"column":5}},"20":{"start":{"line":64,"column":4},"end":{"line":78,"column":20}},"21":{"start":{"line":65,"column":22},"end":{"line":65,"column":60}},"22":{"start":{"line":67,"column":28},"end":{"line":67,"column":58}},"23":{"start":{"line":68,"column":8},"end":{"line":75,"column":10}},"24":{"start":{"line":77,"column":22},"end":{"line":77,"column":39}},"25":{"start":{"line":86,"column":18},"end":{"line":86,"column":58}},"26":{"start":{"line":86,"column":41},"end":{"line":86,"column":57}},"27":{"start":{"line":87,"column":20},"end":{"line":87,"column":48}},"28":{"start":{"line":88,"column":20},"end":{"line":88,"column":48}},"29":{"start":{"line":91,"column":24},"end":{"line":91,"column":26}},"30":{"start":{"line":92,"column":24},"end":{"line":92,"column":41}},"31":{"start":{"line":94,"column":4},"end":{"line":105,"column":5}},"32":{"start":{"line":95,"column":22},"end":{"line":95,"column":61}},"33":{"start":{"line":96,"column":27},"end":{"line":96,"column":70}},"34":{"start":{"line":96,"column":51},"end":{"line":96,"column":69}},"35":{"start":{"line":98,"column":6},"end":{"line":102,"column":9}},"36":{"start":{"line":104,"column":6},"end":{"line":104,"column":53}},"37":{"start":{"line":107,"column":4},"end":{"line":107,"column":23}},"38":{"start":{"line":114,"column":20},"end":{"line":143,"column":5}},"39":{"start":{"line":145,"column":4},"end":{"line":145,"column":44}},"40":{"start":{"line":152,"column":19},"end":{"line":171,"column":5}},"41":{"start":{"line":173,"column":4},"end":{"line":173,"column":41}},"42":{"start":{"line":177,"column":0},"end":{"line":177,"column":31}}},"fnMap":{"0":{"name":"(anonymous_0)","decl":{"start":{"line":5,"column":2},"end":{"line":5,"column":3}},"loc":{"start":{"line":5,"column":45},"end":{"line":24,"column":3}},"line":5},"1":{"name":"(anonymous_1)","decl":{"start":{"line":8,"column":26},"end":{"line":8,"column":27}},"loc":{"start":{"line":8,"column":31},"end":{"line":10,"column":5}},"line":8},"2":{"name":"(anonymous_2)","decl":{"start":{"line":22,"column":47},"end":{"line":22,"column":48}},"loc":{"start":{"line":22,"column":59},"end":{"line":22,"column":72}},"line":22},"3":{"name":"(anonymous_3)","decl":{"start":{"line":29,"column":2},"end":{"line":29,"column":3}},"loc":{"start":{"line":29,"column":32},"end":{"line":58,"column":3}},"line":29},"4":{"name":"(anonymous_4)","decl":{"start":{"line":32,"column":18},"end":{"line":32,"column":19}},"loc":{"start":{"line":32,"column":26},"end":{"line":44,"column":5}},"line":32},"5":{"name":"(anonymous_5)","decl":{"start":{"line":33,"column":45},"end":{"line":33,"column":46}},"loc":{"start":{"line":33,"column":64},"end":{"line":43,"column":7}},"line":33},"6":{"name":"(anonymous_6)","decl":{"start":{"line":48,"column":12},"end":{"line":48,"column":13}},"loc":{"start":{"line":48,"column":22},"end":{"line":48,"column":39}},"line":48},"7":{"name":"(anonymous_7)","decl":{"start":{"line":52,"column":40},"end":{"line":52,"column":41}},"loc":{"start":{"line":52,"column":55},"end":{"line":52,"column":71}},"line":52},"8":{"name":"(anonymous_8)","decl":{"start":{"line":54,"column":25},"end":{"line":54,"column":26}},"loc":{"start":{"line":54,"column":34},"end":{"line":57,"column":5}},"line":54},"9":{"name":"(anonymous_9)","decl":{"start":{"line":63,"column":2},"end":{"line":63,"column":3}},"loc":{"start":{"line":63,"column":31},"end":{"line":79,"column":3}},"line":63},"10":{"name":"(anonymous_10)","decl":{"start":{"line":65,"column":14},"end":{"line":65,"column":15}},"loc":{"start":{"line":65,"column":22},"end":{"line":65,"column":60}},"line":65},"11":{"name":"(anonymous_11)","decl":{"start":{"line":66,"column":11},"end":{"line":66,"column":12}},"loc":{"start":{"line":66,"column":19},"end":{"line":76,"column":7}},"line":66},"12":{"name":"(anonymous_12)","decl":{"start":{"line":77,"column":12},"end":{"line":77,"column":13}},"loc":{"start":{"line":77,"column":22},"end":{"line":77,"column":39}},"line":77},"13":{"name":"(anonymous_13)","decl":{"start":{"line":84,"column":2},"end":{"line":84,"column":3}},"loc":{"start":{"line":84,"column":37},"end":{"line":108,"column":3}},"line":84},"14":{"name":"(anonymous_14)","decl":{"start":{"line":86,"column":36},"end":{"line":86,"column":37}},"loc":{"start":{"line":86,"column":41},"end":{"line":86,"column":57}},"line":86},"15":{"name":"(anonymous_15)","decl":{"start":{"line":96,"column":46},"end":{"line":96,"column":47}},"loc":{"start":{"line":96,"column":51},"end":{"line":96,"column":69}},"line":96},"16":{"name":"(anonymous_16)","decl":{"start":{"line":113,"column":2},"end":{"line":113,"column":3}},"loc":{"start":{"line":113,"column":35},"end":{"line":146,"column":3}},"line":113},"17":{"name":"(anonymous_17)","decl":{"start":{"line":151,"column":2},"end":{"line":151,"column":3}},"loc":{"start":{"line":151,"column":29},"end":{"line":174,"column":3}},"line":151}},"branchMap":{"0":{"loc":{"start":{"line":34,"column":8},"end":{"line":40,"column":9}},"type":"if","locations":[{"start":{"line":34,"column":8},"end":{"line":40,"column":9}},{"start":{},"end":{}}],"line":34},"1":{"loc":{"start":{"line":56,"column":18},"end":{"line":56,"column":83}},"type":"cond-expr","locations":[{"start":{"line":56,"column":35},"end":{"line":56,"column":79}},{"start":{"line":56,"column":82},"end":{"line":56,"column":83}}],"line":56},"2":{"loc":{"start":{"line":70,"column":23},"end":{"line":70,"column":59}},"type":"binary-expr","locations":[{"start":{"line":70,"column":23},"end":{"line":70,"column":39}},{"start":{"line":70,"column":43},"end":{"line":70,"column":59}}],"line":70},"3":{"loc":{"start":{"line":100,"column":15},"end":{"line":100,"column":52}},"type":"cond-expr","locations":[{"start":{"line":100,"column":30},"end":{"line":100,"column":48}},{"start":{"line":100,"column":51},"end":{"line":100,"column":52}}],"line":100},"4":{"loc":{"start":{"line":101,"column":15},"end":{"line":101,"column":57}},"type":"cond-expr","locations":[{"start":{"line":101,"column":30},"end":{"line":101,"column":48}},{"start":{"line":101,"column":51},"end":{"line":101,"column":57}}],"line":101},"5":{"loc":{"start":{"line":113,"column":17},"end":{"line":113,"column":33}},"type":"default-arg","locations":[{"start":{"line":113,"column":24},"end":{"line":113,"column":33}}],"line":113},"6":{"loc":{"start":{"line":145,"column":11},"end":{"line":145,"column":43}},"type":"binary-expr","locations":[{"start":{"line":145,"column":11},"end":{"line":145,"column":24}},{"start":{"line":145,"column":28},"end":{"line":145,"column":43}}],"line":145},"7":{"loc":{"start":{"line":173,"column":11},"end":{"line":173,"column":40}},"type":"binary-expr","locations":[{"start":{"line":173,"column":11},"end":{"line":173,"column":27}},{"start":{"line":173,"column":31},"end":{"line":173,"column":40}}],"line":173}},"s":{"0":1,"1":1,"2":1,"3":1,"4":1,"5":1,"6":1,"7":3,"8":3,"9":4,"10":7,"11":6,"12":7,"13":7,"14":3,"15":5,"16":3,"17":6,"18":3,"19":6,"20":1,"21":1,"22":1,"23":1,"24":0,"25":2,"26":2,"27":2,"28":2,"29":2,"30":2,"31":2,"32":2,"33":2,"34":3,"35":2,"36":2,"37":2,"38":0,"39":0,"40":0,"41":0,"42":1},"f":{"0":1,"1":1,"2":1,"3":3,"4":4,"5":7,"6":5,"7":6,"8":6,"9":1,"10":1,"11":1,"12":0,"13":2,"14":2,"15":3,"16":0,"17":0},"b":{"0":[6,1],"1":[6,0],"2":[1,1],"3":[2,0],"4":[2,0],"5":[0],"6":[0,0],"7":[0,0]},"_coverageSchema":"1a1c01bbd47fc00a2c39e90264f33305004495a9","hash":"0392e61c41abe63d543148a7459992299cbb0237"}
}
