{"D:\\me\\project\\项目四\\server.js": {"path":"D:\\me\\project\\项目四\\server.js","statementMap":{"0":{"start":{"line":1,"column":16},"end":{"line":1,"column":34}},"1":{"start":{"line":2,"column":13},"end":{"line":2,"column":28}},"2":{"start":{"line":3,"column":13},"end":{"line":3,"column":28}},"3":{"start":{"line":4,"column":0},"end":{"line":4,"column":27}},"4":{"start":{"line":6,"column":22},"end":{"line":6,"column":57}},"5":{"start":{"line":7,"column":22},"end":{"line":7,"column":57}},"6":{"start":{"line":8,"column":24},"end":{"line":8,"column":61}},"7":{"start":{"line":9,"column":14},"end":{"line":9,"column":48}},"8":{"start":{"line":10,"column":11},"end":{"line":10,"column":48}},"9":{"start":{"line":13,"column":31},"end":{"line":13,"column":57}},"10":{"start":{"line":14,"column":21},"end":{"line":14,"column":55}},"11":{"start":{"line":17,"column":13},"end":{"line":17,"column":37}},"12":{"start":{"line":18,"column":26},"end":{"line":18,"column":60}},"13":{"start":{"line":21,"column":19},"end":{"line":21,"column":43}},"14":{"start":{"line":22,"column":21},"end":{"line":22,"column":47}},"15":{"start":{"line":25,"column":24},"end":{"line":25,"column":56}},"16":{"start":{"line":26,"column":38},"end":{"line":26,"column":73}},"17":{"start":{"line":27,"column":74},"end":{"line":27,"column":108}},"18":{"start":{"line":28,"column":42},"end":{"line":28,"column":78}},"19":{"start":{"line":30,"column":12},"end":{"line":30,"column":21}},"20":{"start":{"line":31,"column":13},"end":{"line":31,"column":37}},"21":{"start":{"line":38,"column":0},"end":{"line":38,"column":25}},"22":{"start":{"line":41,"column":0},"end":{"line":45,"column":4}},"23":{"start":{"line":48,"column":0},"end":{"line":48,"column":20}},"24":{"start":{"line":51,"column":0},"end":{"line":51,"column":40}},"25":{"start":{"line":54,"column":0},"end":{"line":54,"column":41}},"26":{"start":{"line":55,"column":0},"end":{"line":55,"column":63}},"27":{"start":{"line":58,"column":0},"end":{"line":58,"column":56}},"28":{"start":{"line":61,"column":22},"end":{"line":61,"column":65}},"29":{"start":{"line":62,"column":22},"end":{"line":62,"column":41}},"30":{"start":{"line":63,"column":24},"end":{"line":63,"column":45}},"31":{"start":{"line":66,"column":0},"end":{"line":68,"column":3}},"32":{"start":{"line":67,"column":2},"end":{"line":67,"column":73}},"33":{"start":{"line":75,"column":0},"end":{"line":75,"column":33}},"34":{"start":{"line":78,"column":0},"end":{"line":78,"column":37}},"35":{"start":{"line":81,"column":0},"end":{"line":88,"column":3}},"36":{"start":{"line":82,"column":19},"end":{"line":82,"column":27}},"37":{"start":{"line":83,"column":2},"end":{"line":85,"column":3}},"38":{"start":{"line":84,"column":4},"end":{"line":84,"column":83}},"39":{"start":{"line":86,"column":2},"end":{"line":86,"column":69}},"40":{"start":{"line":87,"column":2},"end":{"line":87,"column":46}},"41":{"start":{"line":93,"column":0},"end":{"line":154,"column":3}},"42":{"start":{"line":98,"column":2},"end":{"line":153,"column":3}},"43":{"start":{"line":99,"column":25},"end":{"line":99,"column":35}},"44":{"start":{"line":101,"column":4},"end":{"line":101,"column":59}},"45":{"start":{"line":104,"column":24},"end":{"line":104,"column":68}},"46":{"start":{"line":107,"column":29},"end":{"line":107,"column":75}},"47":{"start":{"line":110,"column":18},"end":{"line":110,"column":60}},"48":{"start":{"line":113,"column":26},"end":{"line":116,"column":5}},"49":{"start":{"line":119,"column":24},"end":{"line":119,"column":89}},"50":{"start":{"line":121,"column":4},"end":{"line":130,"column":7}},"51":{"start":{"line":132,"column":4},"end":{"line":132,"column":72}},"52":{"start":{"line":135,"column":4},"end":{"line":140,"column":5}},"53":{"start":{"line":136,"column":6},"end":{"line":139,"column":9}},"54":{"start":{"line":142,"column":4},"end":{"line":147,"column":5}},"55":{"start":{"line":143,"column":6},"end":{"line":146,"column":9}},"56":{"start":{"line":149,"column":4},"end":{"line":152,"column":7}},"57":{"start":{"line":159,"column":0},"end":{"line":221,"column":3}},"58":{"start":{"line":165,"column":2},"end":{"line":220,"column":3}},"59":{"start":{"line":166,"column":25},"end":{"line":166,"column":35}},"60":{"start":{"line":167,"column":40},"end":{"line":167,"column":49}},"61":{"start":{"line":169,"column":4},"end":{"line":169,"column":79}},"62":{"start":{"line":172,"column":21},"end":{"line":172,"column":61}},"63":{"start":{"line":173,"column":22},"end":{"line":173,"column":47}},"64":{"start":{"line":175,"column":4},"end":{"line":180,"column":5}},"65":{"start":{"line":176,"column":6},"end":{"line":176,"column":59}},"66":{"start":{"line":177,"column":6},"end":{"line":177,"column":53}},"67":{"start":{"line":178,"column":6},"end":{"line":178,"column":61}},"68":{"start":{"line":179,"column":6},"end":{"line":179,"column":33}},"69":{"start":{"line":182,"column":4},"end":{"line":182,"column":67}},"70":{"start":{"line":185,"column":29},"end":{"line":185,"column":75}},"71":{"start":{"line":186,"column":24},"end":{"line":186,"column":89}},"72":{"start":{"line":189,"column":16},"end":{"line":198,"column":5}},"73":{"start":{"line":201,"column":4},"end":{"line":201,"column":41}},"74":{"start":{"line":203,"column":4},"end":{"line":203,"column":51}},"75":{"start":{"line":204,"column":4},"end":{"line":204,"column":59}},"76":{"start":{"line":205,"column":4},"end":{"line":205,"column":18}},"77":{"start":{"line":207,"column":4},"end":{"line":207,"column":68}},"78":{"start":{"line":209,"column":4},"end":{"line":214,"column":5}},"79":{"start":{"line":210,"column":6},"end":{"line":213,"column":9}},"80":{"start":{"line":216,"column":4},"end":{"line":219,"column":7}},"81":{"start":{"line":226,"column":0},"end":{"line":279,"column":3}},"82":{"start":{"line":231,"column":2},"end":{"line":278,"column":3}},"83":{"start":{"line":232,"column":25},"end":{"line":232,"column":35}},"84":{"start":{"line":234,"column":4},"end":{"line":234,"column":62}},"85":{"start":{"line":237,"column":21},"end":{"line":237,"column":47}},"86":{"start":{"line":238,"column":22},"end":{"line":238,"column":47}},"87":{"start":{"line":240,"column":4},"end":{"line":245,"column":5}},"88":{"start":{"line":241,"column":6},"end":{"line":241,"column":60}},"89":{"start":{"line":242,"column":6},"end":{"line":242,"column":53}},"90":{"start":{"line":243,"column":6},"end":{"line":243,"column":61}},"91":{"start":{"line":244,"column":6},"end":{"line":244,"column":33}},"92":{"start":{"line":247,"column":4},"end":{"line":247,"column":68}},"93":{"start":{"line":250,"column":18},"end":{"line":250,"column":60}},"94":{"start":{"line":253,"column":26},"end":{"line":253,"column":69}},"95":{"start":{"line":256,"column":16},"end":{"line":256,"column":76}},"96":{"start":{"line":259,"column":4},"end":{"line":259,"column":41}},"97":{"start":{"line":261,"column":4},"end":{"line":261,"column":51}},"98":{"start":{"line":262,"column":4},"end":{"line":262,"column":59}},"99":{"start":{"line":263,"column":4},"end":{"line":263,"column":18}},"100":{"start":{"line":265,"column":4},"end":{"line":265,"column":75}},"101":{"start":{"line":267,"column":4},"end":{"line":272,"column":5}},"102":{"start":{"line":268,"column":6},"end":{"line":271,"column":9}},"103":{"start":{"line":274,"column":4},"end":{"line":277,"column":7}},"104":{"start":{"line":284,"column":0},"end":{"line":351,"column":3}},"105":{"start":{"line":290,"column":2},"end":{"line":350,"column":3}},"106":{"start":{"line":291,"column":25},"end":{"line":291,"column":35}},"107":{"start":{"line":292,"column":40},"end":{"line":292,"column":49}},"108":{"start":{"line":294,"column":4},"end":{"line":294,"column":82}},"109":{"start":{"line":297,"column":21},"end":{"line":297,"column":64}},"110":{"start":{"line":298,"column":22},"end":{"line":298,"column":47}},"111":{"start":{"line":300,"column":4},"end":{"line":305,"column":5}},"112":{"start":{"line":301,"column":6},"end":{"line":301,"column":62}},"113":{"start":{"line":302,"column":6},"end":{"line":302,"column":53}},"114":{"start":{"line":303,"column":6},"end":{"line":303,"column":61}},"115":{"start":{"line":304,"column":6},"end":{"line":304,"column":33}},"116":{"start":{"line":307,"column":4},"end":{"line":307,"column":70}},"117":{"start":{"line":310,"column":24},"end":{"line":310,"column":68}},"118":{"start":{"line":313,"column":29},"end":{"line":313,"column":75}},"119":{"start":{"line":316,"column":18},"end":{"line":316,"column":60}},"120":{"start":{"line":319,"column":26},"end":{"line":319,"column":69}},"121":{"start":{"line":322,"column":16},"end":{"line":328,"column":5}},"122":{"start":{"line":331,"column":4},"end":{"line":331,"column":41}},"123":{"start":{"line":333,"column":4},"end":{"line":333,"column":51}},"124":{"start":{"line":334,"column":4},"end":{"line":334,"column":59}},"125":{"start":{"line":335,"column":4},"end":{"line":335,"column":18}},"126":{"start":{"line":337,"column":4},"end":{"line":337,"column":71}},"127":{"start":{"line":339,"column":4},"end":{"line":344,"column":5}},"128":{"start":{"line":340,"column":6},"end":{"line":343,"column":9}},"129":{"start":{"line":346,"column":4},"end":{"line":349,"column":7}},"130":{"start":{"line":356,"column":0},"end":{"line":358,"column":3}},"131":{"start":{"line":357,"column":2},"end":{"line":357,"column":61}},"132":{"start":{"line":363,"column":0},"end":{"line":379,"column":3}},"133":{"start":{"line":364,"column":21},"end":{"line":364,"column":44}},"134":{"start":{"line":366,"column":2},"end":{"line":378,"column":5}},"135":{"start":{"line":384,"column":0},"end":{"line":397,"column":3}},"136":{"start":{"line":385,"column":2},"end":{"line":387,"column":3}},"137":{"start":{"line":386,"column":4},"end":{"line":386,"column":74}},"138":{"start":{"line":389,"column":16},"end":{"line":389,"column":39}},"139":{"start":{"line":390,"column":17},"end":{"line":390,"column":49}},"140":{"start":{"line":392,"column":2},"end":{"line":396,"column":5}},"141":{"start":{"line":404,"column":0},"end":{"line":404,"column":25}},"142":{"start":{"line":407,"column":0},"end":{"line":407,"column":44}},"143":{"start":{"line":412,"column":0},"end":{"line":420,"column":1}},"144":{"start":{"line":413,"column":2},"end":{"line":419,"column":5}},"145":{"start":{"line":414,"column":4},"end":{"line":414,"column":93}},"146":{"start":{"line":415,"column":4},"end":{"line":415,"column":65}},"147":{"start":{"line":416,"column":4},"end":{"line":416,"column":86}},"148":{"start":{"line":417,"column":4},"end":{"line":417,"column":70}},"149":{"start":{"line":418,"column":4},"end":{"line":418,"column":44}},"150":{"start":{"line":422,"column":0},"end":{"line":422,"column":21}}},"fnMap":{"0":{"name":"(anonymous_0)","decl":{"start":{"line":66,"column":22},"end":{"line":66,"column":23}},"loc":{"start":{"line":66,"column":29},"end":{"line":68,"column":1}},"line":66},"1":{"name":"(anonymous_1)","decl":{"start":{"line":81,"column":26},"end":{"line":81,"column":27}},"loc":{"start":{"line":81,"column":40},"end":{"line":88,"column":1}},"line":81},"2":{"name":"(anonymous_2)","decl":{"start":{"line":97,"column":2},"end":{"line":97,"column":3}},"loc":{"start":{"line":97,"column":22},"end":{"line":154,"column":1}},"line":97},"3":{"name":"(anonymous_3)","decl":{"start":{"line":164,"column":2},"end":{"line":164,"column":3}},"loc":{"start":{"line":164,"column":22},"end":{"line":221,"column":1}},"line":164},"4":{"name":"(anonymous_4)","decl":{"start":{"line":230,"column":2},"end":{"line":230,"column":3}},"loc":{"start":{"line":230,"column":22},"end":{"line":279,"column":1}},"line":230},"5":{"name":"(anonymous_5)","decl":{"start":{"line":289,"column":2},"end":{"line":289,"column":3}},"loc":{"start":{"line":289,"column":22},"end":{"line":351,"column":1}},"line":289},"6":{"name":"(anonymous_6)","decl":{"start":{"line":356,"column":13},"end":{"line":356,"column":14}},"loc":{"start":{"line":356,"column":27},"end":{"line":358,"column":1}},"line":356},"7":{"name":"(anonymous_7)","decl":{"start":{"line":363,"column":19},"end":{"line":363,"column":20}},"loc":{"start":{"line":363,"column":33},"end":{"line":379,"column":1}},"line":363},"8":{"name":"(anonymous_8)","decl":{"start":{"line":384,"column":23},"end":{"line":384,"column":24}},"loc":{"start":{"line":384,"column":37},"end":{"line":397,"column":1}},"line":384},"9":{"name":"(anonymous_9)","decl":{"start":{"line":413,"column":19},"end":{"line":413,"column":20}},"loc":{"start":{"line":413,"column":25},"end":{"line":419,"column":3}},"line":413}},"branchMap":{"0":{"loc":{"start":{"line":31,"column":13},"end":{"line":31,"column":37}},"type":"binary-expr","locations":[{"start":{"line":31,"column":13},"end":{"line":31,"column":29}},{"start":{"line":31,"column":33},"end":{"line":31,"column":37}}],"line":31},"1":{"loc":{"start":{"line":42,"column":10},"end":{"line":42,"column":40}},"type":"binary-expr","locations":[{"start":{"line":42,"column":10},"end":{"line":42,"column":33}},{"start":{"line":42,"column":37},"end":{"line":42,"column":40}}],"line":42},"2":{"loc":{"start":{"line":83,"column":2},"end":{"line":85,"column":3}},"type":"if","locations":[{"start":{"line":83,"column":2},"end":{"line":85,"column":3}},{"start":{},"end":{}}],"line":83},"3":{"loc":{"start":{"line":135,"column":4},"end":{"line":140,"column":5}},"type":"if","locations":[{"start":{"line":135,"column":4},"end":{"line":140,"column":5}},{"start":{},"end":{}}],"line":135},"4":{"loc":{"start":{"line":142,"column":4},"end":{"line":147,"column":5}},"type":"if","locations":[{"start":{"line":142,"column":4},"end":{"line":147,"column":5}},{"start":{},"end":{}}],"line":142},"5":{"loc":{"start":{"line":167,"column":12},"end":{"line":167,"column":35}},"type":"default-arg","locations":[{"start":{"line":167,"column":26},"end":{"line":167,"column":35}}],"line":167},"6":{"loc":{"start":{"line":175,"column":4},"end":{"line":180,"column":5}},"type":"if","locations":[{"start":{"line":175,"column":4},"end":{"line":180,"column":5}},{"start":{},"end":{}}],"line":175},"7":{"loc":{"start":{"line":209,"column":4},"end":{"line":214,"column":5}},"type":"if","locations":[{"start":{"line":209,"column":4},"end":{"line":214,"column":5}},{"start":{},"end":{}}],"line":209},"8":{"loc":{"start":{"line":240,"column":4},"end":{"line":245,"column":5}},"type":"if","locations":[{"start":{"line":240,"column":4},"end":{"line":245,"column":5}},{"start":{},"end":{}}],"line":240},"9":{"loc":{"start":{"line":267,"column":4},"end":{"line":272,"column":5}},"type":"if","locations":[{"start":{"line":267,"column":4},"end":{"line":272,"column":5}},{"start":{},"end":{}}],"line":267},"10":{"loc":{"start":{"line":292,"column":12},"end":{"line":292,"column":35}},"type":"default-arg","locations":[{"start":{"line":292,"column":26},"end":{"line":292,"column":35}}],"line":292},"11":{"loc":{"start":{"line":300,"column":4},"end":{"line":305,"column":5}},"type":"if","locations":[{"start":{"line":300,"column":4},"end":{"line":305,"column":5}},{"start":{},"end":{}}],"line":300},"12":{"loc":{"start":{"line":339,"column":4},"end":{"line":344,"column":5}},"type":"if","locations":[{"start":{"line":339,"column":4},"end":{"line":344,"column":5}},{"start":{},"end":{}}],"line":339},"13":{"loc":{"start":{"line":385,"column":2},"end":{"line":387,"column":3}},"type":"if","locations":[{"start":{"line":385,"column":2},"end":{"line":387,"column":3}},{"start":{},"end":{}}],"line":385},"14":{"loc":{"start":{"line":412,"column":0},"end":{"line":420,"column":1}},"type":"if","locations":[{"start":{"line":412,"column":0},"end":{"line":420,"column":1}},{"start":{},"end":{}}],"line":412}},"s":{"0":1,"1":1,"2":1,"3":1,"4":1,"5":1,"6":1,"7":1,"8":1,"9":1,"10":1,"11":1,"12":1,"13":1,"14":1,"15":1,"16":1,"17":1,"18":1,"19":1,"20":1,"21":1,"22":1,"23":1,"24":1,"25":1,"26":1,"27":1,"28":1,"29":1,"30":1,"31":1,"32":0,"33":1,"34":1,"35":1,"36":0,"37":0,"38":0,"39":0,"40":0,"41":1,"42":2,"43":2,"44":2,"45":2,"46":0,"47":0,"48":0,"49":0,"50":0,"51":2,"52":2,"53":0,"54":2,"55":0,"56":2,"57":1,"58":27,"59":27,"60":27,"61":27,"62":27,"63":27,"64":27,"65":0,"66":0,"67":0,"68":0,"69":27,"70":27,"71":0,"72":0,"73":0,"74":0,"75":0,"76":0,"77":26,"78":26,"79":0,"80":26,"81":1,"82":1,"83":1,"84":1,"85":1,"86":1,"87":1,"88":0,"89":0,"90":0,"91":0,"92":1,"93":1,"94":0,"95":0,"96":0,"97":0,"98":0,"99":0,"100":1,"101":1,"102":0,"103":1,"104":1,"105":1,"106":1,"107":1,"108":1,"109":1,"110":1,"111":1,"112":0,"113":0,"114":0,"115":0,"116":1,"117":1,"118":0,"119":0,"120":0,"121":0,"122":0,"123":0,"124":0,"125":0,"126":1,"127":1,"128":0,"129":1,"130":1,"131":0,"132":1,"133":1,"134":1,"135":1,"136":0,"137":0,"138":0,"139":0,"140":0,"141":1,"142":1,"143":1,"144":0,"145":0,"146":0,"147":0,"148":0,"149":0,"150":1},"f":{"0":0,"1":0,"2":2,"3":27,"4":1,"5":1,"6":0,"7":1,"8":0,"9":0},"b":{"0":[1,0],"1":[1,0],"2":[0,0],"3":[0,2],"4":[0,2],"5":[26],"6":[0,27],"7":[0,26],"8":[0,1],"9":[0,1],"10":[1],"11":[0,1],"12":[0,1],"13":[0,0],"14":[0,1]},"_coverageSchema":"1a1c01bbd47fc00a2c39e90264f33305004495a9","hash":"e083a1c22b35a7eb4380f32c018af5d7bac3baf0"}
,"D:\\me\\project\\项目四\\config\\i18n.js": {"path":"D:\\me\\project\\项目四\\config\\i18n.js","statementMap":{"0":{"start":{"line":1,"column":16},"end":{"line":1,"column":34}},"1":{"start":{"line":2,"column":16},"end":{"line":2,"column":45}},"2":{"start":{"line":3,"column":13},"end":{"line":3,"column":28}},"3":{"start":{"line":5,"column":13},"end":{"line":5,"column":37}},"4":{"start":{"line":7,"column":0},"end":{"line":21,"column":5}},"5":{"start":{"line":23,"column":0},"end":{"line":23,"column":22}}},"fnMap":{},"branchMap":{},"s":{"0":1,"1":1,"2":1,"3":1,"4":1,"5":1},"f":{},"b":{},"_coverageSchema":"1a1c01bbd47fc00a2c39e90264f33305004495a9","hash":"7cf38d32e579a531cc456035bcb2779c3b2979b1"}
,"D:\\me\\project\\项目四\\config\\logger.js": {"path":"D:\\me\\project\\项目四\\config\\logger.js","statementMap":{"0":{"start":{"line":1,"column":16},"end":{"line":1,"column":34}},"1":{"start":{"line":2,"column":24},"end":{"line":2,"column":60}},"2":{"start":{"line":3,"column":13},"end":{"line":3,"column":28}},"3":{"start":{"line":6,"column":15},"end":{"line":6,"column":46}},"4":{"start":{"line":9,"column":11},"end":{"line":9,"column":24}},"5":{"start":{"line":10,"column":0},"end":{"line":12,"column":1}},"6":{"start":{"line":11,"column":2},"end":{"line":11,"column":44}},"7":{"start":{"line":17,"column":21},"end":{"line":35,"column":1}},"8":{"start":{"line":26,"column":14},"end":{"line":26,"column":64}},"9":{"start":{"line":29,"column":4},"end":{"line":31,"column":5}},"10":{"start":{"line":30,"column":6},"end":{"line":30,"column":40}},"11":{"start":{"line":33,"column":4},"end":{"line":33,"column":15}},"12":{"start":{"line":40,"column":22},"end":{"line":55,"column":1}},"13":{"start":{"line":47,"column":14},"end":{"line":47,"column":50}},"14":{"start":{"line":49,"column":4},"end":{"line":51,"column":5}},"15":{"start":{"line":50,"column":6},"end":{"line":50,"column":40}},"16":{"start":{"line":53,"column":4},"end":{"line":53,"column":15}},"17":{"start":{"line":60,"column":15},"end":{"line":98,"column":2}},"18":{"start":{"line":101,"column":0},"end":{"line":112,"column":1}},"19":{"start":{"line":102,"column":2},"end":{"line":105,"column":6}},"20":{"start":{"line":108,"column":2},"end":{"line":111,"column":6}},"21":{"start":{"line":117,"column":19},"end":{"line":136,"column":1}},"22":{"start":{"line":118,"column":16},"end":{"line":118,"column":26}},"23":{"start":{"line":121,"column":2},"end":{"line":133,"column":5}},"24":{"start":{"line":122,"column":21},"end":{"line":122,"column":39}},"25":{"start":{"line":124,"column":4},"end":{"line":132,"column":7}},"26":{"start":{"line":135,"column":2},"end":{"line":135,"column":9}},"27":{"start":{"line":141,"column":20},"end":{"line":157,"column":1}},"28":{"start":{"line":143,"column":4},"end":{"line":143,"column":48}},"29":{"start":{"line":147,"column":4},"end":{"line":147,"column":48}},"30":{"start":{"line":151,"column":4},"end":{"line":151,"column":63}},"31":{"start":{"line":155,"column":4},"end":{"line":155,"column":42}},"32":{"start":{"line":162,"column":18},"end":{"line":177,"column":1}},"33":{"start":{"line":164,"column":4},"end":{"line":164,"column":68}},"34":{"start":{"line":168,"column":4},"end":{"line":168,"column":72}},"35":{"start":{"line":172,"column":4},"end":{"line":175,"column":7}},"36":{"start":{"line":182,"column":19},"end":{"line":198,"column":1}},"37":{"start":{"line":184,"column":4},"end":{"line":184,"column":22}},"38":{"start":{"line":188,"column":21},"end":{"line":188,"column":43}},"39":{"start":{"line":189,"column":4},"end":{"line":189,"column":73}},"40":{"start":{"line":192,"column":4},"end":{"line":194,"column":5}},"41":{"start":{"line":193,"column":6},"end":{"line":193,"column":72}},"42":{"start":{"line":196,"column":4},"end":{"line":196,"column":20}},"43":{"start":{"line":200,"column":0},"end":{"line":206,"column":2}}},"fnMap":{"0":{"name":"(anonymous_0)","decl":{"start":{"line":25,"column":24},"end":{"line":25,"column":25}},"loc":{"start":{"line":25,"column":68},"end":{"line":34,"column":3}},"line":25},"1":{"name":"(anonymous_1)","decl":{"start":{"line":46,"column":24},"end":{"line":46,"column":25}},"loc":{"start":{"line":46,"column":68},"end":{"line":54,"column":3}},"line":46},"2":{"name":"(anonymous_2)","decl":{"start":{"line":117,"column":19},"end":{"line":117,"column":20}},"loc":{"start":{"line":117,"column":39},"end":{"line":136,"column":1}},"line":117},"3":{"name":"(anonymous_3)","decl":{"start":{"line":121,"column":19},"end":{"line":121,"column":20}},"loc":{"start":{"line":121,"column":25},"end":{"line":133,"column":3}},"line":121},"4":{"name":"(anonymous_4)","decl":{"start":{"line":142,"column":7},"end":{"line":142,"column":8}},"loc":{"start":{"line":142,"column":31},"end":{"line":144,"column":3}},"line":142},"5":{"name":"(anonymous_5)","decl":{"start":{"line":146,"column":8},"end":{"line":146,"column":9}},"loc":{"start":{"line":146,"column":32},"end":{"line":148,"column":3}},"line":146},"6":{"name":"(anonymous_6)","decl":{"start":{"line":150,"column":7},"end":{"line":150,"column":8}},"loc":{"start":{"line":150,"column":36},"end":{"line":152,"column":3}},"line":150},"7":{"name":"(anonymous_7)","decl":{"start":{"line":154,"column":10},"end":{"line":154,"column":11}},"loc":{"start":{"line":154,"column":19},"end":{"line":156,"column":3}},"line":154},"8":{"name":"(anonymous_8)","decl":{"start":{"line":163,"column":11},"end":{"line":163,"column":12}},"loc":{"start":{"line":163,"column":47},"end":{"line":165,"column":3}},"line":163},"9":{"name":"(anonymous_9)","decl":{"start":{"line":167,"column":11},"end":{"line":167,"column":12}},"loc":{"start":{"line":167,"column":44},"end":{"line":169,"column":3}},"line":167},"10":{"name":"(anonymous_10)","decl":{"start":{"line":171,"column":9},"end":{"line":171,"column":10}},"loc":{"start":{"line":171,"column":39},"end":{"line":176,"column":3}},"line":171},"11":{"name":"(anonymous_11)","decl":{"start":{"line":183,"column":9},"end":{"line":183,"column":10}},"loc":{"start":{"line":183,"column":24},"end":{"line":185,"column":3}},"line":183},"12":{"name":"(anonymous_12)","decl":{"start":{"line":187,"column":7},"end":{"line":187,"column":8}},"loc":{"start":{"line":187,"column":33},"end":{"line":197,"column":3}},"line":187}},"branchMap":{"0":{"loc":{"start":{"line":10,"column":0},"end":{"line":12,"column":1}},"type":"if","locations":[{"start":{"line":10,"column":0},"end":{"line":12,"column":1}},{"start":{},"end":{}}],"line":10},"1":{"loc":{"start":{"line":29,"column":4},"end":{"line":31,"column":5}},"type":"if","locations":[{"start":{"line":29,"column":4},"end":{"line":31,"column":5}},{"start":{},"end":{}}],"line":29},"2":{"loc":{"start":{"line":49,"column":4},"end":{"line":51,"column":5}},"type":"if","locations":[{"start":{"line":49,"column":4},"end":{"line":51,"column":5}},{"start":{},"end":{}}],"line":49},"3":{"loc":{"start":{"line":62,"column":9},"end":{"line":62,"column":40}},"type":"binary-expr","locations":[{"start":{"line":62,"column":9},"end":{"line":62,"column":30}},{"start":{"line":62,"column":34},"end":{"line":62,"column":40}}],"line":62},"4":{"loc":{"start":{"line":101,"column":0},"end":{"line":112,"column":1}},"type":"if","locations":[{"start":{"line":101,"column":0},"end":{"line":112,"column":1}},{"start":{"line":106,"column":7},"end":{"line":112,"column":1}}],"line":101},"5":{"loc":{"start":{"line":142,"column":13},"end":{"line":142,"column":26}},"type":"default-arg","locations":[{"start":{"line":142,"column":20},"end":{"line":142,"column":26}}],"line":142},"6":{"loc":{"start":{"line":146,"column":14},"end":{"line":146,"column":27}},"type":"default-arg","locations":[{"start":{"line":146,"column":21},"end":{"line":146,"column":27}}],"line":146},"7":{"loc":{"start":{"line":150,"column":18},"end":{"line":150,"column":31}},"type":"default-arg","locations":[{"start":{"line":150,"column":25},"end":{"line":150,"column":31}}],"line":150},"8":{"loc":{"start":{"line":163,"column":31},"end":{"line":163,"column":42}},"type":"default-arg","locations":[{"start":{"line":163,"column":40},"end":{"line":163,"column":42}}],"line":163},"9":{"loc":{"start":{"line":192,"column":4},"end":{"line":194,"column":5}},"type":"if","locations":[{"start":{"line":192,"column":4},"end":{"line":194,"column":5}},{"start":{},"end":{}}],"line":192}},"s":{"0":1,"1":1,"2":1,"3":1,"4":1,"5":1,"6":0,"7":1,"8":134,"9":134,"10":43,"11":134,"12":1,"13":134,"14":134,"15":43,"16":134,"17":1,"18":1,"19":1,"20":0,"21":1,"22":44,"23":44,"24":43,"25":43,"26":44,"27":1,"28":0,"29":31,"30":0,"31":0,"32":1,"33":0,"34":0,"35":0,"36":1,"37":0,"38":0,"39":0,"40":0,"41":0,"42":0,"43":1},"f":{"0":134,"1":134,"2":44,"3":43,"4":0,"5":31,"6":0,"7":0,"8":0,"9":0,"10":0,"11":0,"12":0},"b":{"0":[0,1],"1":[43,91],"2":[43,91],"3":[1,0],"4":[1,0],"5":[0],"6":[0],"7":[0],"8":[0],"9":[0,0]},"_coverageSchema":"1a1c01bbd47fc00a2c39e90264f33305004495a9","hash":"0835176af9fc93e54aea12a306491a6a5e68e580"}
,"D:\\me\\project\\项目四\\middleware\\errorHandler.js": {"path":"D:\\me\\project\\项目四\\middleware\\errorHandler.js","statementMap":{"0":{"start":{"line":6,"column":21},"end":{"line":43,"column":1}},"1":{"start":{"line":8,"column":2},"end":{"line":14,"column":5}},"2":{"start":{"line":17,"column":2},"end":{"line":23,"column":3}},"3":{"start":{"line":19,"column":4},"end":{"line":22,"column":7}},"4":{"start":{"line":25,"column":2},"end":{"line":31,"column":3}},"5":{"start":{"line":27,"column":4},"end":{"line":30,"column":7}},"6":{"start":{"line":34,"column":21},"end":{"line":34,"column":42}},"7":{"start":{"line":35,"column":18},"end":{"line":37,"column":17}},"8":{"start":{"line":39,"column":2},"end":{"line":42,"column":5}},"9":{"start":{"line":48,"column":24},"end":{"line":53,"column":1}},"10":{"start":{"line":49,"column":2},"end":{"line":52,"column":5}},"11":{"start":{"line":55,"column":0},"end":{"line":58,"column":2}}},"fnMap":{"0":{"name":"(anonymous_0)","decl":{"start":{"line":6,"column":21},"end":{"line":6,"column":22}},"loc":{"start":{"line":6,"column":46},"end":{"line":43,"column":1}},"line":6},"1":{"name":"(anonymous_1)","decl":{"start":{"line":48,"column":24},"end":{"line":48,"column":25}},"loc":{"start":{"line":48,"column":38},"end":{"line":53,"column":1}},"line":48}},"branchMap":{"0":{"loc":{"start":{"line":10,"column":11},"end":{"line":10,"column":73}},"type":"cond-expr","locations":[{"start":{"line":10,"column":52},"end":{"line":10,"column":61}},{"start":{"line":10,"column":64},"end":{"line":10,"column":73}}],"line":10},"1":{"loc":{"start":{"line":17,"column":2},"end":{"line":23,"column":3}},"type":"if","locations":[{"start":{"line":17,"column":2},"end":{"line":23,"column":3}},{"start":{},"end":{}}],"line":17},"2":{"loc":{"start":{"line":25,"column":2},"end":{"line":31,"column":3}},"type":"if","locations":[{"start":{"line":25,"column":2},"end":{"line":31,"column":3}},{"start":{},"end":{}}],"line":25},"3":{"loc":{"start":{"line":34,"column":21},"end":{"line":34,"column":42}},"type":"binary-expr","locations":[{"start":{"line":34,"column":21},"end":{"line":34,"column":35}},{"start":{"line":34,"column":39},"end":{"line":34,"column":42}}],"line":34},"4":{"loc":{"start":{"line":35,"column":18},"end":{"line":37,"column":17}},"type":"cond-expr","locations":[{"start":{"line":36,"column":6},"end":{"line":36,"column":15}},{"start":{"line":37,"column":6},"end":{"line":37,"column":17}}],"line":35}},"s":{"0":1,"1":0,"2":0,"3":0,"4":0,"5":0,"6":0,"7":0,"8":0,"9":1,"10":0,"11":1},"f":{"0":0,"1":0},"b":{"0":[0,0],"1":[0,0],"2":[0,0],"3":[0,0],"4":[0,0]},"_coverageSchema":"1a1c01bbd47fc00a2c39e90264f33305004495a9","hash":"a0e69355b0c8512adb5590e9a3dbf48118a62510"}
,"D:\\me\\project\\项目四\\middleware\\rateLimiter.js": {"path":"D:\\me\\project\\项目四\\middleware\\rateLimiter.js","statementMap":{"0":{"start":{"line":1,"column":18},"end":{"line":1,"column":47}},"1":{"start":{"line":9,"column":19},"end":{"line":19,"column":2}},"2":{"start":{"line":22,"column":22},"end":{"line":32,"column":2}},"3":{"start":{"line":35,"column":22},"end":{"line":44,"column":2}},"4":{"start":{"line":46,"column":0},"end":{"line":50,"column":2}}},"fnMap":{},"branchMap":{},"s":{"0":1,"1":1,"2":1,"3":1,"4":1},"f":{},"b":{},"_coverageSchema":"1a1c01bbd47fc00a2c39e90264f33305004495a9","hash":"ca97f97f1f3dd1e09d8a535b275185106891ac08"}
,"D:\\me\\project\\项目四\\middleware\\security.js": {"path":"D:\\me\\project\\项目四\\middleware\\security.js","statementMap":{"0":{"start":{"line":1,"column":15},"end":{"line":1,"column":32}},"1":{"start":{"line":8,"column":24},"end":{"line":29,"column":2}},"2":{"start":{"line":31,"column":0},"end":{"line":31,"column":33}}},"fnMap":{},"branchMap":{},"s":{"0":1,"1":1,"2":1},"f":{},"b":{},"_coverageSchema":"1a1c01bbd47fc00a2c39e90264f33305004495a9","hash":"9780b4193013d312ab3cba4651f904f3fac8dee9"}
,"D:\\me\\project\\项目四\\middleware\\validation.js": {"path":"D:\\me\\project\\项目四\\middleware\\validation.js","statementMap":{"0":{"start":{"line":1,"column":49},"end":{"line":1,"column":77}},"1":{"start":{"line":15,"column":25},"end":{"line":23,"column":1}},"2":{"start":{"line":28,"column":28},"end":{"line":34,"column":1}},"3":{"start":{"line":40,"column":31},"end":{"line":55,"column":1}},"4":{"start":{"line":41,"column":17},"end":{"line":41,"column":38}},"5":{"start":{"line":43,"column":2},"end":{"line":52,"column":3}},"6":{"start":{"line":44,"column":4},"end":{"line":51,"column":7}},"7":{"start":{"line":47,"column":42},"end":{"line":50,"column":7}},"8":{"start":{"line":54,"column":2},"end":{"line":54,"column":9}},"9":{"start":{"line":61,"column":22},"end":{"line":71,"column":1}},"10":{"start":{"line":62,"column":2},"end":{"line":64,"column":3}},"11":{"start":{"line":63,"column":4},"end":{"line":63,"column":17}},"12":{"start":{"line":66,"column":2},"end":{"line":70,"column":12}},"13":{"start":{"line":73,"column":0},"end":{"line":78,"column":2}}},"fnMap":{"0":{"name":"(anonymous_0)","decl":{"start":{"line":40,"column":31},"end":{"line":40,"column":32}},"loc":{"start":{"line":40,"column":51},"end":{"line":55,"column":1}},"line":40},"1":{"name":"(anonymous_1)","decl":{"start":{"line":47,"column":34},"end":{"line":47,"column":35}},"loc":{"start":{"line":47,"column":42},"end":{"line":50,"column":7}},"line":47},"2":{"name":"(anonymous_2)","decl":{"start":{"line":61,"column":22},"end":{"line":61,"column":23}},"loc":{"start":{"line":61,"column":33},"end":{"line":71,"column":1}},"line":61}},"branchMap":{"0":{"loc":{"start":{"line":43,"column":2},"end":{"line":52,"column":3}},"type":"if","locations":[{"start":{"line":43,"column":2},"end":{"line":52,"column":3}},{"start":{},"end":{}}],"line":43},"1":{"loc":{"start":{"line":62,"column":2},"end":{"line":64,"column":3}},"type":"if","locations":[{"start":{"line":62,"column":2},"end":{"line":64,"column":3}},{"start":{},"end":{}}],"line":62}},"s":{"0":1,"1":1,"2":1,"3":1,"4":33,"5":33,"6":2,"7":2,"8":31,"9":1,"10":0,"11":0,"12":0,"13":1},"f":{"0":33,"1":2,"2":0},"b":{"0":[2,31],"1":[0,0]},"_coverageSchema":"1a1c01bbd47fc00a2c39e90264f33305004495a9","hash":"02672501db8b6cc6edde9c99ca4ba90257954583"}
,"D:\\me\\project\\项目四\\routes\\auth.js": {"path":"D:\\me\\project\\项目四\\routes\\auth.js","statementMap":{"0":{"start":{"line":1,"column":16},"end":{"line":1,"column":34}},"1":{"start":{"line":2,"column":15},"end":{"line":2,"column":31}},"2":{"start":{"line":3,"column":12},"end":{"line":3,"column":35}},"3":{"start":{"line":4,"column":11},"end":{"line":4,"column":49}},"4":{"start":{"line":7,"column":0},"end":{"line":41,"column":3}},"5":{"start":{"line":8,"column":2},"end":{"line":40,"column":3}},"6":{"start":{"line":9,"column":35},"end":{"line":9,"column":43}},"7":{"start":{"line":11,"column":4},"end":{"line":16,"column":5}},"8":{"start":{"line":12,"column":6},"end":{"line":15,"column":9}},"9":{"start":{"line":18,"column":17},"end":{"line":18,"column":56}},"10":{"start":{"line":20,"column":4},"end":{"line":27,"column":7}},"11":{"start":{"line":29,"column":4},"end":{"line":34,"column":5}},"12":{"start":{"line":30,"column":6},"end":{"line":33,"column":9}},"13":{"start":{"line":36,"column":4},"end":{"line":39,"column":7}},"14":{"start":{"line":44,"column":0},"end":{"line":86,"column":3}},"15":{"start":{"line":45,"column":2},"end":{"line":85,"column":3}},"16":{"start":{"line":46,"column":35},"end":{"line":46,"column":43}},"17":{"start":{"line":48,"column":4},"end":{"line":53,"column":5}},"18":{"start":{"line":49,"column":6},"end":{"line":52,"column":9}},"19":{"start":{"line":55,"column":17},"end":{"line":55,"column":60}},"20":{"start":{"line":57,"column":4},"end":{"line":62,"column":5}},"21":{"start":{"line":58,"column":6},"end":{"line":61,"column":9}},"22":{"start":{"line":64,"column":18},"end":{"line":68,"column":5}},"23":{"start":{"line":70,"column":4},"end":{"line":78,"column":7}},"24":{"start":{"line":80,"column":4},"end":{"line":80,"column":56}},"25":{"start":{"line":81,"column":4},"end":{"line":84,"column":7}},"26":{"start":{"line":89,"column":0},"end":{"line":129,"column":3}},"27":{"start":{"line":90,"column":2},"end":{"line":128,"column":3}},"28":{"start":{"line":91,"column":23},"end":{"line":91,"column":48}},"29":{"start":{"line":93,"column":4},"end":{"line":98,"column":5}},"30":{"start":{"line":94,"column":6},"end":{"line":97,"column":9}},"31":{"start":{"line":100,"column":18},"end":{"line":100,"column":42}},"32":{"start":{"line":101,"column":20},"end":{"line":101,"column":81}},"33":{"start":{"line":103,"column":17},"end":{"line":103,"column":50}},"34":{"start":{"line":105,"column":4},"end":{"line":110,"column":5}},"35":{"start":{"line":106,"column":6},"end":{"line":109,"column":9}},"36":{"start":{"line":112,"column":4},"end":{"line":115,"column":7}},"37":{"start":{"line":117,"column":4},"end":{"line":122,"column":5}},"38":{"start":{"line":118,"column":6},"end":{"line":121,"column":9}},"39":{"start":{"line":124,"column":4},"end":{"line":127,"column":7}},"40":{"start":{"line":131,"column":0},"end":{"line":131,"column":24}}},"fnMap":{"0":{"name":"(anonymous_0)","decl":{"start":{"line":7,"column":25},"end":{"line":7,"column":26}},"loc":{"start":{"line":7,"column":45},"end":{"line":41,"column":1}},"line":7},"1":{"name":"(anonymous_1)","decl":{"start":{"line":44,"column":22},"end":{"line":44,"column":23}},"loc":{"start":{"line":44,"column":42},"end":{"line":86,"column":1}},"line":44},"2":{"name":"(anonymous_2)","decl":{"start":{"line":89,"column":18},"end":{"line":89,"column":19}},"loc":{"start":{"line":89,"column":38},"end":{"line":129,"column":1}},"line":89}},"branchMap":{"0":{"loc":{"start":{"line":11,"column":4},"end":{"line":16,"column":5}},"type":"if","locations":[{"start":{"line":11,"column":4},"end":{"line":16,"column":5}},{"start":{},"end":{}}],"line":11},"1":{"loc":{"start":{"line":11,"column":8},"end":{"line":11,"column":30}},"type":"binary-expr","locations":[{"start":{"line":11,"column":8},"end":{"line":11,"column":17}},{"start":{"line":11,"column":21},"end":{"line":11,"column":30}}],"line":11},"2":{"loc":{"start":{"line":29,"column":4},"end":{"line":34,"column":5}},"type":"if","locations":[{"start":{"line":29,"column":4},"end":{"line":34,"column":5}},{"start":{},"end":{}}],"line":29},"3":{"loc":{"start":{"line":48,"column":4},"end":{"line":53,"column":5}},"type":"if","locations":[{"start":{"line":48,"column":4},"end":{"line":53,"column":5}},{"start":{},"end":{}}],"line":48},"4":{"loc":{"start":{"line":48,"column":8},"end":{"line":48,"column":30}},"type":"binary-expr","locations":[{"start":{"line":48,"column":8},"end":{"line":48,"column":17}},{"start":{"line":48,"column":21},"end":{"line":48,"column":30}}],"line":48},"5":{"loc":{"start":{"line":57,"column":4},"end":{"line":62,"column":5}},"type":"if","locations":[{"start":{"line":57,"column":4},"end":{"line":62,"column":5}},{"start":{},"end":{}}],"line":57},"6":{"loc":{"start":{"line":66,"column":6},"end":{"line":66,"column":48}},"type":"binary-expr","locations":[{"start":{"line":66,"column":6},"end":{"line":66,"column":28}},{"start":{"line":66,"column":32},"end":{"line":66,"column":48}}],"line":66},"7":{"loc":{"start":{"line":67,"column":19},"end":{"line":67,"column":53}},"type":"binary-expr","locations":[{"start":{"line":67,"column":19},"end":{"line":67,"column":45}},{"start":{"line":67,"column":49},"end":{"line":67,"column":53}}],"line":67},"8":{"loc":{"start":{"line":93,"column":4},"end":{"line":98,"column":5}},"type":"if","locations":[{"start":{"line":93,"column":4},"end":{"line":98,"column":5}},{"start":{},"end":{}}],"line":93},"9":{"loc":{"start":{"line":93,"column":8},"end":{"line":93,"column":56}},"type":"binary-expr","locations":[{"start":{"line":93,"column":8},"end":{"line":93,"column":19}},{"start":{"line":93,"column":23},"end":{"line":93,"column":56}}],"line":93},"10":{"loc":{"start":{"line":101,"column":38},"end":{"line":101,"column":80}},"type":"binary-expr","locations":[{"start":{"line":101,"column":38},"end":{"line":101,"column":60}},{"start":{"line":101,"column":64},"end":{"line":101,"column":80}}],"line":101},"11":{"loc":{"start":{"line":105,"column":4},"end":{"line":110,"column":5}},"type":"if","locations":[{"start":{"line":105,"column":4},"end":{"line":110,"column":5}},{"start":{},"end":{}}],"line":105},"12":{"loc":{"start":{"line":117,"column":4},"end":{"line":122,"column":5}},"type":"if","locations":[{"start":{"line":117,"column":4},"end":{"line":122,"column":5}},{"start":{},"end":{}}],"line":117}},"s":{"0":1,"1":1,"2":1,"3":1,"4":1,"5":0,"6":0,"7":0,"8":0,"9":0,"10":0,"11":0,"12":0,"13":0,"14":1,"15":0,"16":0,"17":0,"18":0,"19":0,"20":0,"21":0,"22":0,"23":0,"24":0,"25":0,"26":1,"27":0,"28":0,"29":0,"30":0,"31":0,"32":0,"33":0,"34":0,"35":0,"36":0,"37":0,"38":0,"39":0,"40":1},"f":{"0":0,"1":0,"2":0},"b":{"0":[0,0],"1":[0,0],"2":[0,0],"3":[0,0],"4":[0,0],"5":[0,0],"6":[0,0],"7":[0,0],"8":[0,0],"9":[0,0],"10":[0,0],"11":[0,0],"12":[0,0]},"_coverageSchema":"1a1c01bbd47fc00a2c39e90264f33305004495a9","hash":"4044384d28cde63c5854f1a97b1c9a023e4cf940"}
,"D:\\me\\project\\项目四\\routes\\export.js": {"path":"D:\\me\\project\\项目四\\routes\\export.js","statementMap":{"0":{"start":{"line":1,"column":16},"end":{"line":1,"column":34}},"1":{"start":{"line":2,"column":15},"end":{"line":2,"column":31}},"2":{"start":{"line":5,"column":0},"end":{"line":7,"column":3}},"3":{"start":{"line":6,"column":2},"end":{"line":6,"column":57}},"4":{"start":{"line":10,"column":0},"end":{"line":12,"column":3}},"5":{"start":{"line":11,"column":2},"end":{"line":11,"column":59}},"6":{"start":{"line":15,"column":0},"end":{"line":17,"column":3}},"7":{"start":{"line":16,"column":2},"end":{"line":16,"column":60}},"8":{"start":{"line":20,"column":0},"end":{"line":22,"column":3}},"9":{"start":{"line":21,"column":2},"end":{"line":21,"column":55}},"10":{"start":{"line":24,"column":0},"end":{"line":24,"column":24}}},"fnMap":{"0":{"name":"(anonymous_0)","decl":{"start":{"line":5,"column":33},"end":{"line":5,"column":34}},"loc":{"start":{"line":5,"column":47},"end":{"line":7,"column":1}},"line":5},"1":{"name":"(anonymous_1)","decl":{"start":{"line":10,"column":35},"end":{"line":10,"column":36}},"loc":{"start":{"line":10,"column":49},"end":{"line":12,"column":1}},"line":10},"2":{"name":"(anonymous_2)","decl":{"start":{"line":15,"column":36},"end":{"line":15,"column":37}},"loc":{"start":{"line":15,"column":50},"end":{"line":17,"column":1}},"line":15},"3":{"name":"(anonymous_3)","decl":{"start":{"line":20,"column":32},"end":{"line":20,"column":33}},"loc":{"start":{"line":20,"column":46},"end":{"line":22,"column":1}},"line":20}},"branchMap":{},"s":{"0":1,"1":1,"2":1,"3":0,"4":1,"5":0,"6":1,"7":0,"8":1,"9":0,"10":1},"f":{"0":0,"1":0,"2":0,"3":0},"b":{},"_coverageSchema":"1a1c01bbd47fc00a2c39e90264f33305004495a9","hash":"d2dda1aada9eac8778fc6e7ad3f285e9b1f11934"}
,"D:\\me\\project\\项目四\\services\\cacheService.js": {"path":"D:\\me\\project\\项目四\\services\\cacheService.js","statementMap":{"0":{"start":{"line":1,"column":14},"end":{"line":1,"column":32}},"1":{"start":{"line":10,"column":4},"end":{"line":10,"column":26}},"2":{"start":{"line":11,"column":4},"end":{"line":11,"column":28}},"3":{"start":{"line":14,"column":21},"end":{"line":14,"column":70}},"4":{"start":{"line":16,"column":4},"end":{"line":59,"column":5}},"5":{"start":{"line":17,"column":6},"end":{"line":30,"column":9}},"6":{"start":{"line":21,"column":10},"end":{"line":24,"column":11}},"7":{"start":{"line":22,"column":12},"end":{"line":22,"column":85}},"8":{"start":{"line":23,"column":12},"end":{"line":23,"column":24}},"9":{"start":{"line":25,"column":24},"end":{"line":25,"column":50}},"10":{"start":{"line":26,"column":10},"end":{"line":26,"column":23}},"11":{"start":{"line":33,"column":6},"end":{"line":36,"column":9}},"12":{"start":{"line":34,"column":8},"end":{"line":34,"column":54}},"13":{"start":{"line":35,"column":8},"end":{"line":35,"column":29}},"14":{"start":{"line":39,"column":6},"end":{"line":45,"column":9}},"15":{"start":{"line":40,"column":8},"end":{"line":40,"column":66}},"16":{"start":{"line":41,"column":8},"end":{"line":44,"column":9}},"17":{"start":{"line":42,"column":10},"end":{"line":42,"column":62}},"18":{"start":{"line":43,"column":10},"end":{"line":43,"column":61}},"19":{"start":{"line":48,"column":6},"end":{"line":55,"column":8}},"20":{"start":{"line":57,"column":6},"end":{"line":57,"column":70}},"21":{"start":{"line":58,"column":6},"end":{"line":58,"column":57}},"22":{"start":{"line":68,"column":4},"end":{"line":89,"column":5}},"23":{"start":{"line":69,"column":6},"end":{"line":84,"column":7}},"24":{"start":{"line":70,"column":21},"end":{"line":70,"column":46}},"25":{"start":{"line":71,"column":8},"end":{"line":73,"column":9}},"26":{"start":{"line":72,"column":10},"end":{"line":72,"column":22}},"27":{"start":{"line":76,"column":8},"end":{"line":81,"column":9}},"28":{"start":{"line":77,"column":10},"end":{"line":77,"column":34}},"29":{"start":{"line":80,"column":10},"end":{"line":80,"column":22}},"30":{"start":{"line":82,"column":13},"end":{"line":84,"column":7}},"31":{"start":{"line":83,"column":8},"end":{"line":83,"column":47}},"32":{"start":{"line":85,"column":6},"end":{"line":85,"column":18}},"33":{"start":{"line":87,"column":6},"end":{"line":87,"column":72}},"34":{"start":{"line":88,"column":6},"end":{"line":88,"column":18}},"35":{"start":{"line":99,"column":4},"end":{"line":114,"column":5}},"36":{"start":{"line":101,"column":6},"end":{"line":103,"column":7}},"37":{"start":{"line":102,"column":8},"end":{"line":102,"column":34}},"38":{"start":{"line":105,"column":6},"end":{"line":111,"column":7}},"39":{"start":{"line":107,"column":27},"end":{"line":107,"column":84}},"40":{"start":{"line":108,"column":8},"end":{"line":108,"column":53}},"41":{"start":{"line":109,"column":13},"end":{"line":111,"column":7}},"42":{"start":{"line":110,"column":8},"end":{"line":110,"column":52}},"43":{"start":{"line":113,"column":6},"end":{"line":113,"column":72}},"44":{"start":{"line":122,"column":4},"end":{"line":130,"column":5}},"45":{"start":{"line":123,"column":6},"end":{"line":127,"column":7}},"46":{"start":{"line":124,"column":8},"end":{"line":124,"column":34}},"47":{"start":{"line":125,"column":13},"end":{"line":127,"column":7}},"48":{"start":{"line":126,"column":8},"end":{"line":126,"column":43}},"49":{"start":{"line":129,"column":6},"end":{"line":129,"column":75}},"50":{"start":{"line":139,"column":4},"end":{"line":151,"column":5}},"51":{"start":{"line":140,"column":6},"end":{"line":148,"column":7}},"52":{"start":{"line":141,"column":21},"end":{"line":141,"column":51}},"53":{"start":{"line":142,"column":8},"end":{"line":145,"column":9}},"54":{"start":{"line":143,"column":10},"end":{"line":143,"column":40}},"55":{"start":{"line":144,"column":10},"end":{"line":144,"column":87}},"56":{"start":{"line":146,"column":13},"end":{"line":148,"column":7}},"57":{"start":{"line":147,"column":8},"end":{"line":147,"column":58}},"58":{"start":{"line":150,"column":6},"end":{"line":150,"column":87}},"59":{"start":{"line":160,"column":4},"end":{"line":171,"column":5}},"60":{"start":{"line":161,"column":6},"end":{"line":166,"column":7}},"61":{"start":{"line":162,"column":23},"end":{"line":162,"column":51}},"62":{"start":{"line":163,"column":8},"end":{"line":163,"column":28}},"63":{"start":{"line":164,"column":13},"end":{"line":166,"column":7}},"64":{"start":{"line":165,"column":8},"end":{"line":165,"column":50}},"65":{"start":{"line":167,"column":6},"end":{"line":167,"column":19}},"66":{"start":{"line":169,"column":6},"end":{"line":169,"column":75}},"67":{"start":{"line":170,"column":6},"end":{"line":170,"column":19}},"68":{"start":{"line":179,"column":4},"end":{"line":207,"column":5}},"69":{"start":{"line":180,"column":6},"end":{"line":197,"column":7}},"70":{"start":{"line":181,"column":21},"end":{"line":181,"column":44}},"71":{"start":{"line":182,"column":23},"end":{"line":182,"column":48}},"72":{"start":{"line":184,"column":8},"end":{"line":189,"column":10}},"73":{"start":{"line":190,"column":13},"end":{"line":197,"column":7}},"74":{"start":{"line":191,"column":24},"end":{"line":191,"column":56}},"75":{"start":{"line":192,"column":8},"end":{"line":196,"column":10}},"76":{"start":{"line":198,"column":6},"end":{"line":201,"column":8}},"77":{"start":{"line":203,"column":6},"end":{"line":206,"column":8}},"78":{"start":{"line":214,"column":4},"end":{"line":219,"column":5}},"79":{"start":{"line":215,"column":6},"end":{"line":215,"column":30}},"80":{"start":{"line":216,"column":6},"end":{"line":216,"column":42}},"81":{"start":{"line":218,"column":6},"end":{"line":218,"column":64}},"82":{"start":{"line":227,"column":4},"end":{"line":227,"column":67}},"83":{"start":{"line":227,"column":38},"end":{"line":227,"column":67}},"84":{"start":{"line":228,"column":4},"end":{"line":228,"column":69}},"85":{"start":{"line":228,"column":39},"end":{"line":228,"column":69}},"86":{"start":{"line":229,"column":4},"end":{"line":229,"column":53}},"87":{"start":{"line":229,"column":31},"end":{"line":229,"column":53}},"88":{"start":{"line":230,"column":4},"end":{"line":230,"column":61}},"89":{"start":{"line":230,"column":33},"end":{"line":230,"column":61}},"90":{"start":{"line":231,"column":4},"end":{"line":231,"column":63}},"91":{"start":{"line":231,"column":34},"end":{"line":231,"column":63}},"92":{"start":{"line":232,"column":4},"end":{"line":232,"column":67}},"93":{"start":{"line":232,"column":36},"end":{"line":232,"column":67}},"94":{"start":{"line":235,"column":4},"end":{"line":235,"column":15}},"95":{"start":{"line":243,"column":17},"end":{"line":243,"column":19}},"96":{"start":{"line":244,"column":18},"end":{"line":244,"column":42}},"97":{"start":{"line":246,"column":4},"end":{"line":251,"column":7}},"98":{"start":{"line":247,"column":6},"end":{"line":250,"column":7}},"99":{"start":{"line":248,"column":29},"end":{"line":248,"column":44}},"100":{"start":{"line":249,"column":8},"end":{"line":249,"column":26}},"101":{"start":{"line":253,"column":4},"end":{"line":253,"column":16}},"102":{"start":{"line":258,"column":0},"end":{"line":258,"column":36}}},"fnMap":{"0":{"name":"(anonymous_0)","decl":{"start":{"line":9,"column":2},"end":{"line":9,"column":3}},"loc":{"start":{"line":9,"column":16},"end":{"line":60,"column":3}},"line":9},"1":{"name":"(anonymous_1)","decl":{"start":{"line":20,"column":8},"end":{"line":20,"column":9}},"loc":{"start":{"line":20,"column":29},"end":{"line":27,"column":9}},"line":20},"2":{"name":"(anonymous_2)","decl":{"start":{"line":33,"column":31},"end":{"line":33,"column":32}},"loc":{"start":{"line":33,"column":37},"end":{"line":36,"column":7}},"line":33},"3":{"name":"(anonymous_3)","decl":{"start":{"line":39,"column":29},"end":{"line":39,"column":30}},"loc":{"start":{"line":39,"column":40},"end":{"line":45,"column":7}},"line":39},"4":{"name":"(anonymous_4)","decl":{"start":{"line":67,"column":2},"end":{"line":67,"column":3}},"loc":{"start":{"line":67,"column":17},"end":{"line":90,"column":3}},"line":67},"5":{"name":"(anonymous_5)","decl":{"start":{"line":98,"column":2},"end":{"line":98,"column":3}},"loc":{"start":{"line":98,"column":36},"end":{"line":115,"column":3}},"line":98},"6":{"name":"(anonymous_6)","decl":{"start":{"line":121,"column":2},"end":{"line":121,"column":3}},"loc":{"start":{"line":121,"column":20},"end":{"line":131,"column":3}},"line":121},"7":{"name":"(anonymous_7)","decl":{"start":{"line":138,"column":2},"end":{"line":138,"column":3}},"loc":{"start":{"line":138,"column":35},"end":{"line":152,"column":3}},"line":138},"8":{"name":"(anonymous_8)","decl":{"start":{"line":159,"column":2},"end":{"line":159,"column":3}},"loc":{"start":{"line":159,"column":20},"end":{"line":172,"column":3}},"line":159},"9":{"name":"(anonymous_9)","decl":{"start":{"line":178,"column":2},"end":{"line":178,"column":3}},"loc":{"start":{"line":178,"column":18},"end":{"line":208,"column":3}},"line":178},"10":{"name":"(anonymous_10)","decl":{"start":{"line":213,"column":2},"end":{"line":213,"column":3}},"loc":{"start":{"line":213,"column":21},"end":{"line":220,"column":3}},"line":213},"11":{"name":"(anonymous_11)","decl":{"start":{"line":226,"column":2},"end":{"line":226,"column":3}},"loc":{"start":{"line":226,"column":17},"end":{"line":236,"column":3}},"line":226},"12":{"name":"(anonymous_12)","decl":{"start":{"line":242,"column":2},"end":{"line":242,"column":3}},"loc":{"start":{"line":242,"column":25},"end":{"line":254,"column":3}},"line":242},"13":{"name":"(anonymous_13)","decl":{"start":{"line":246,"column":18},"end":{"line":246,"column":19}},"loc":{"start":{"line":246,"column":26},"end":{"line":251,"column":5}},"line":246}},"branchMap":{"0":{"loc":{"start":{"line":14,"column":21},"end":{"line":14,"column":70}},"type":"binary-expr","locations":[{"start":{"line":14,"column":21},"end":{"line":14,"column":42}},{"start":{"line":14,"column":46},"end":{"line":14,"column":70}}],"line":14},"1":{"loc":{"start":{"line":21,"column":10},"end":{"line":24,"column":11}},"type":"if","locations":[{"start":{"line":21,"column":10},"end":{"line":24,"column":11}},{"start":{},"end":{}}],"line":21},"2":{"loc":{"start":{"line":41,"column":8},"end":{"line":44,"column":9}},"type":"if","locations":[{"start":{"line":41,"column":8},"end":{"line":44,"column":9}},{"start":{},"end":{}}],"line":41},"3":{"loc":{"start":{"line":41,"column":12},"end":{"line":41,"column":47}},"type":"binary-expr","locations":[{"start":{"line":41,"column":12},"end":{"line":41,"column":26}},{"start":{"line":41,"column":30},"end":{"line":41,"column":47}}],"line":41},"4":{"loc":{"start":{"line":69,"column":6},"end":{"line":84,"column":7}},"type":"if","locations":[{"start":{"line":69,"column":6},"end":{"line":84,"column":7}},{"start":{"line":82,"column":13},"end":{"line":84,"column":7}}],"line":69},"5":{"loc":{"start":{"line":71,"column":8},"end":{"line":73,"column":9}},"type":"if","locations":[{"start":{"line":71,"column":8},"end":{"line":73,"column":9}},{"start":{},"end":{}}],"line":71},"6":{"loc":{"start":{"line":82,"column":13},"end":{"line":84,"column":7}},"type":"if","locations":[{"start":{"line":82,"column":13},"end":{"line":84,"column":7}},{"start":{},"end":{}}],"line":82},"7":{"loc":{"start":{"line":98,"column":24},"end":{"line":98,"column":34}},"type":"default-arg","locations":[{"start":{"line":98,"column":30},"end":{"line":98,"column":34}}],"line":98},"8":{"loc":{"start":{"line":101,"column":6},"end":{"line":103,"column":7}},"type":"if","locations":[{"start":{"line":101,"column":6},"end":{"line":103,"column":7}},{"start":{},"end":{}}],"line":101},"9":{"loc":{"start":{"line":105,"column":6},"end":{"line":111,"column":7}},"type":"if","locations":[{"start":{"line":105,"column":6},"end":{"line":111,"column":7}},{"start":{"line":109,"column":13},"end":{"line":111,"column":7}}],"line":105},"10":{"loc":{"start":{"line":107,"column":27},"end":{"line":107,"column":84}},"type":"cond-expr","locations":[{"start":{"line":107,"column":55},"end":{"line":107,"column":60}},{"start":{"line":107,"column":63},"end":{"line":107,"column":84}}],"line":107},"11":{"loc":{"start":{"line":109,"column":13},"end":{"line":111,"column":7}},"type":"if","locations":[{"start":{"line":109,"column":13},"end":{"line":111,"column":7}},{"start":{},"end":{}}],"line":109},"12":{"loc":{"start":{"line":123,"column":6},"end":{"line":127,"column":7}},"type":"if","locations":[{"start":{"line":123,"column":6},"end":{"line":127,"column":7}},{"start":{"line":125,"column":13},"end":{"line":127,"column":7}}],"line":123},"13":{"loc":{"start":{"line":125,"column":13},"end":{"line":127,"column":7}},"type":"if","locations":[{"start":{"line":125,"column":13},"end":{"line":127,"column":7}},{"start":{},"end":{}}],"line":125},"14":{"loc":{"start":{"line":140,"column":6},"end":{"line":148,"column":7}},"type":"if","locations":[{"start":{"line":140,"column":6},"end":{"line":148,"column":7}},{"start":{"line":146,"column":13},"end":{"line":148,"column":7}}],"line":140},"15":{"loc":{"start":{"line":142,"column":8},"end":{"line":145,"column":9}},"type":"if","locations":[{"start":{"line":142,"column":8},"end":{"line":145,"column":9}},{"start":{},"end":{}}],"line":142},"16":{"loc":{"start":{"line":146,"column":13},"end":{"line":148,"column":7}},"type":"if","locations":[{"start":{"line":146,"column":13},"end":{"line":148,"column":7}},{"start":{},"end":{}}],"line":146},"17":{"loc":{"start":{"line":161,"column":6},"end":{"line":166,"column":7}},"type":"if","locations":[{"start":{"line":161,"column":6},"end":{"line":166,"column":7}},{"start":{"line":164,"column":13},"end":{"line":166,"column":7}}],"line":161},"18":{"loc":{"start":{"line":164,"column":13},"end":{"line":166,"column":7}},"type":"if","locations":[{"start":{"line":164,"column":13},"end":{"line":166,"column":7}},{"start":{},"end":{}}],"line":164},"19":{"loc":{"start":{"line":180,"column":6},"end":{"line":197,"column":7}},"type":"if","locations":[{"start":{"line":180,"column":6},"end":{"line":197,"column":7}},{"start":{"line":190,"column":13},"end":{"line":197,"column":7}}],"line":180},"20":{"loc":{"start":{"line":190,"column":13},"end":{"line":197,"column":7}},"type":"if","locations":[{"start":{"line":190,"column":13},"end":{"line":197,"column":7}},{"start":{},"end":{}}],"line":190},"21":{"loc":{"start":{"line":227,"column":4},"end":{"line":227,"column":67}},"type":"if","locations":[{"start":{"line":227,"column":4},"end":{"line":227,"column":67}},{"start":{},"end":{}}],"line":227},"22":{"loc":{"start":{"line":228,"column":4},"end":{"line":228,"column":69}},"type":"if","locations":[{"start":{"line":228,"column":4},"end":{"line":228,"column":69}},{"start":{},"end":{}}],"line":228},"23":{"loc":{"start":{"line":229,"column":4},"end":{"line":229,"column":53}},"type":"if","locations":[{"start":{"line":229,"column":4},"end":{"line":229,"column":53}},{"start":{},"end":{}}],"line":229},"24":{"loc":{"start":{"line":230,"column":4},"end":{"line":230,"column":61}},"type":"if","locations":[{"start":{"line":230,"column":4},"end":{"line":230,"column":61}},{"start":{},"end":{}}],"line":230},"25":{"loc":{"start":{"line":231,"column":4},"end":{"line":231,"column":63}},"type":"if","locations":[{"start":{"line":231,"column":4},"end":{"line":231,"column":63}},{"start":{},"end":{}}],"line":231},"26":{"loc":{"start":{"line":232,"column":4},"end":{"line":232,"column":67}},"type":"if","locations":[{"start":{"line":232,"column":4},"end":{"line":232,"column":67}},{"start":{},"end":{}}],"line":232},"27":{"loc":{"start":{"line":247,"column":6},"end":{"line":250,"column":7}},"type":"if","locations":[{"start":{"line":247,"column":6},"end":{"line":250,"column":7}},{"start":{},"end":{}}],"line":247}},"s":{"0":1,"1":1,"2":1,"3":1,"4":1,"5":1,"6":0,"7":0,"8":0,"9":0,"10":0,"11":1,"12":1,"13":1,"14":1,"15":0,"16":0,"17":0,"18":0,"19":1,"20":0,"21":0,"22":60,"23":60,"24":60,"25":60,"26":60,"27":0,"28":0,"29":0,"30":0,"31":0,"32":0,"33":0,"34":0,"35":0,"36":0,"37":0,"38":0,"39":0,"40":0,"41":0,"42":0,"43":0,"44":0,"45":0,"46":0,"47":0,"48":0,"49":0,"50":0,"51":0,"52":0,"53":0,"54":0,"55":0,"56":0,"57":0,"58":0,"59":0,"60":0,"61":0,"62":0,"63":0,"64":0,"65":0,"66":0,"67":0,"68":0,"69":0,"70":0,"71":0,"72":0,"73":0,"74":0,"75":0,"76":0,"77":0,"78":0,"79":0,"80":0,"81":0,"82":0,"83":0,"84":0,"85":0,"86":0,"87":0,"88":0,"89":0,"90":0,"91":0,"92":0,"93":0,"94":0,"95":0,"96":0,"97":0,"98":0,"99":0,"100":0,"101":0,"102":1},"f":{"0":1,"1":0,"2":1,"3":0,"4":60,"5":0,"6":0,"7":0,"8":0,"9":0,"10":0,"11":0,"12":0,"13":0},"b":{"0":[1,0],"1":[0,0],"2":[0,0],"3":[0,0],"4":[60,0],"5":[60,0],"6":[0,0],"7":[0],"8":[0,0],"9":[0,0],"10":[0,0],"11":[0,0],"12":[0,0],"13":[0,0],"14":[0,0],"15":[0,0],"16":[0,0],"17":[0,0],"18":[0,0],"19":[0,0],"20":[0,0],"21":[0,0],"22":[0,0],"23":[0,0],"24":[0,0],"25":[0,0],"26":[0,0],"27":[0,0]},"_coverageSchema":"1a1c01bbd47fc00a2c39e90264f33305004495a9","hash":"870f475ef9d96c20189d6ac8fd0542263c863300"}
,"D:\\me\\project\\项目四\\services\\dataProcessor.js": {"path":"D:\\me\\project\\项目四\\services\\dataProcessor.js","statementMap":{"0":{"start":{"line":7,"column":28},"end":{"line":7,"column":30}},"1":{"start":{"line":8,"column":4},"end":{"line":10,"column":7}},"2":{"start":{"line":9,"column":6},"end":{"line":9,"column":40}},"3":{"start":{"line":13,"column":26},"end":{"line":13,"column":60}},"4":{"start":{"line":16,"column":25},"end":{"line":16,"column":58}},"5":{"start":{"line":18,"column":4},"end":{"line":23,"column":6}},"6":{"start":{"line":22,"column":59},"end":{"line":22,"column":72}},"7":{"start":{"line":30,"column":24},"end":{"line":30,"column":26}},"8":{"start":{"line":32,"column":4},"end":{"line":44,"column":7}},"9":{"start":{"line":33,"column":6},"end":{"line":43,"column":9}},"10":{"start":{"line":34,"column":8},"end":{"line":40,"column":9}},"11":{"start":{"line":35,"column":10},"end":{"line":39,"column":12}},"12":{"start":{"line":41,"column":8},"end":{"line":41,"column":41}},"13":{"start":{"line":42,"column":8},"end":{"line":42,"column":48}},"14":{"start":{"line":47,"column":22},"end":{"line":49,"column":19}},"15":{"start":{"line":48,"column":22},"end":{"line":48,"column":39}},"16":{"start":{"line":52,"column":23},"end":{"line":52,"column":75}},"17":{"start":{"line":52,"column":55},"end":{"line":52,"column":71}},"18":{"start":{"line":54,"column":4},"end":{"line":57,"column":8}},"19":{"start":{"line":54,"column":34},"end":{"line":57,"column":5}},"20":{"start":{"line":64,"column":4},"end":{"line":78,"column":20}},"21":{"start":{"line":65,"column":22},"end":{"line":65,"column":60}},"22":{"start":{"line":67,"column":28},"end":{"line":67,"column":58}},"23":{"start":{"line":68,"column":8},"end":{"line":75,"column":10}},"24":{"start":{"line":77,"column":22},"end":{"line":77,"column":39}},"25":{"start":{"line":86,"column":18},"end":{"line":86,"column":58}},"26":{"start":{"line":86,"column":41},"end":{"line":86,"column":57}},"27":{"start":{"line":87,"column":20},"end":{"line":87,"column":48}},"28":{"start":{"line":88,"column":20},"end":{"line":88,"column":48}},"29":{"start":{"line":91,"column":24},"end":{"line":91,"column":26}},"30":{"start":{"line":92,"column":24},"end":{"line":92,"column":41}},"31":{"start":{"line":94,"column":4},"end":{"line":105,"column":5}},"32":{"start":{"line":95,"column":22},"end":{"line":95,"column":61}},"33":{"start":{"line":96,"column":27},"end":{"line":96,"column":70}},"34":{"start":{"line":96,"column":51},"end":{"line":96,"column":69}},"35":{"start":{"line":98,"column":6},"end":{"line":102,"column":9}},"36":{"start":{"line":104,"column":6},"end":{"line":104,"column":53}},"37":{"start":{"line":107,"column":4},"end":{"line":107,"column":23}},"38":{"start":{"line":114,"column":20},"end":{"line":143,"column":5}},"39":{"start":{"line":145,"column":4},"end":{"line":145,"column":44}},"40":{"start":{"line":152,"column":19},"end":{"line":171,"column":5}},"41":{"start":{"line":173,"column":4},"end":{"line":173,"column":41}},"42":{"start":{"line":177,"column":0},"end":{"line":177,"column":31}}},"fnMap":{"0":{"name":"(anonymous_0)","decl":{"start":{"line":5,"column":2},"end":{"line":5,"column":3}},"loc":{"start":{"line":5,"column":45},"end":{"line":24,"column":3}},"line":5},"1":{"name":"(anonymous_1)","decl":{"start":{"line":8,"column":26},"end":{"line":8,"column":27}},"loc":{"start":{"line":8,"column":31},"end":{"line":10,"column":5}},"line":8},"2":{"name":"(anonymous_2)","decl":{"start":{"line":22,"column":47},"end":{"line":22,"column":48}},"loc":{"start":{"line":22,"column":59},"end":{"line":22,"column":72}},"line":22},"3":{"name":"(anonymous_3)","decl":{"start":{"line":29,"column":2},"end":{"line":29,"column":3}},"loc":{"start":{"line":29,"column":32},"end":{"line":58,"column":3}},"line":29},"4":{"name":"(anonymous_4)","decl":{"start":{"line":32,"column":18},"end":{"line":32,"column":19}},"loc":{"start":{"line":32,"column":26},"end":{"line":44,"column":5}},"line":32},"5":{"name":"(anonymous_5)","decl":{"start":{"line":33,"column":45},"end":{"line":33,"column":46}},"loc":{"start":{"line":33,"column":64},"end":{"line":43,"column":7}},"line":33},"6":{"name":"(anonymous_6)","decl":{"start":{"line":48,"column":12},"end":{"line":48,"column":13}},"loc":{"start":{"line":48,"column":22},"end":{"line":48,"column":39}},"line":48},"7":{"name":"(anonymous_7)","decl":{"start":{"line":52,"column":40},"end":{"line":52,"column":41}},"loc":{"start":{"line":52,"column":55},"end":{"line":52,"column":71}},"line":52},"8":{"name":"(anonymous_8)","decl":{"start":{"line":54,"column":25},"end":{"line":54,"column":26}},"loc":{"start":{"line":54,"column":34},"end":{"line":57,"column":5}},"line":54},"9":{"name":"(anonymous_9)","decl":{"start":{"line":63,"column":2},"end":{"line":63,"column":3}},"loc":{"start":{"line":63,"column":31},"end":{"line":79,"column":3}},"line":63},"10":{"name":"(anonymous_10)","decl":{"start":{"line":65,"column":14},"end":{"line":65,"column":15}},"loc":{"start":{"line":65,"column":22},"end":{"line":65,"column":60}},"line":65},"11":{"name":"(anonymous_11)","decl":{"start":{"line":66,"column":11},"end":{"line":66,"column":12}},"loc":{"start":{"line":66,"column":19},"end":{"line":76,"column":7}},"line":66},"12":{"name":"(anonymous_12)","decl":{"start":{"line":77,"column":12},"end":{"line":77,"column":13}},"loc":{"start":{"line":77,"column":22},"end":{"line":77,"column":39}},"line":77},"13":{"name":"(anonymous_13)","decl":{"start":{"line":84,"column":2},"end":{"line":84,"column":3}},"loc":{"start":{"line":84,"column":37},"end":{"line":108,"column":3}},"line":84},"14":{"name":"(anonymous_14)","decl":{"start":{"line":86,"column":36},"end":{"line":86,"column":37}},"loc":{"start":{"line":86,"column":41},"end":{"line":86,"column":57}},"line":86},"15":{"name":"(anonymous_15)","decl":{"start":{"line":96,"column":46},"end":{"line":96,"column":47}},"loc":{"start":{"line":96,"column":51},"end":{"line":96,"column":69}},"line":96},"16":{"name":"(anonymous_16)","decl":{"start":{"line":113,"column":2},"end":{"line":113,"column":3}},"loc":{"start":{"line":113,"column":35},"end":{"line":146,"column":3}},"line":113},"17":{"name":"(anonymous_17)","decl":{"start":{"line":151,"column":2},"end":{"line":151,"column":3}},"loc":{"start":{"line":151,"column":29},"end":{"line":174,"column":3}},"line":151}},"branchMap":{"0":{"loc":{"start":{"line":34,"column":8},"end":{"line":40,"column":9}},"type":"if","locations":[{"start":{"line":34,"column":8},"end":{"line":40,"column":9}},{"start":{},"end":{}}],"line":34},"1":{"loc":{"start":{"line":56,"column":18},"end":{"line":56,"column":83}},"type":"cond-expr","locations":[{"start":{"line":56,"column":35},"end":{"line":56,"column":79}},{"start":{"line":56,"column":82},"end":{"line":56,"column":83}}],"line":56},"2":{"loc":{"start":{"line":70,"column":23},"end":{"line":70,"column":59}},"type":"binary-expr","locations":[{"start":{"line":70,"column":23},"end":{"line":70,"column":39}},{"start":{"line":70,"column":43},"end":{"line":70,"column":59}}],"line":70},"3":{"loc":{"start":{"line":100,"column":15},"end":{"line":100,"column":52}},"type":"cond-expr","locations":[{"start":{"line":100,"column":30},"end":{"line":100,"column":48}},{"start":{"line":100,"column":51},"end":{"line":100,"column":52}}],"line":100},"4":{"loc":{"start":{"line":101,"column":15},"end":{"line":101,"column":57}},"type":"cond-expr","locations":[{"start":{"line":101,"column":30},"end":{"line":101,"column":48}},{"start":{"line":101,"column":51},"end":{"line":101,"column":57}}],"line":101},"5":{"loc":{"start":{"line":113,"column":17},"end":{"line":113,"column":33}},"type":"default-arg","locations":[{"start":{"line":113,"column":24},"end":{"line":113,"column":33}}],"line":113},"6":{"loc":{"start":{"line":145,"column":11},"end":{"line":145,"column":43}},"type":"binary-expr","locations":[{"start":{"line":145,"column":11},"end":{"line":145,"column":24}},{"start":{"line":145,"column":28},"end":{"line":145,"column":43}}],"line":145},"7":{"loc":{"start":{"line":173,"column":11},"end":{"line":173,"column":40}},"type":"binary-expr","locations":[{"start":{"line":173,"column":11},"end":{"line":173,"column":27}},{"start":{"line":173,"column":31},"end":{"line":173,"column":40}}],"line":173}},"s":{"0":1,"1":1,"2":1,"3":1,"4":1,"5":1,"6":1,"7":3,"8":3,"9":4,"10":7,"11":6,"12":7,"13":7,"14":3,"15":5,"16":3,"17":6,"18":3,"19":6,"20":1,"21":1,"22":1,"23":1,"24":0,"25":2,"26":2,"27":2,"28":2,"29":2,"30":2,"31":2,"32":2,"33":2,"34":3,"35":2,"36":2,"37":2,"38":0,"39":0,"40":0,"41":0,"42":2},"f":{"0":1,"1":1,"2":1,"3":3,"4":4,"5":7,"6":5,"7":6,"8":6,"9":1,"10":1,"11":1,"12":0,"13":2,"14":2,"15":3,"16":0,"17":0},"b":{"0":[6,1],"1":[6,0],"2":[1,1],"3":[2,0],"4":[2,0],"5":[0],"6":[0,0],"7":[0,0]},"_coverageSchema":"1a1c01bbd47fc00a2c39e90264f33305004495a9","hash":"0392e61c41abe63d543148a7459992299cbb0237"}
,"D:\\me\\project\\项目四\\services\\databaseService.js": {"path":"D:\\me\\project\\项目四\\services\\databaseService.js","statementMap":{"0":{"start":{"line":1,"column":16},"end":{"line":1,"column":34}},"1":{"start":{"line":2,"column":15},"end":{"line":2,"column":34}},"2":{"start":{"line":3,"column":13},"end":{"line":3,"column":28}},"3":{"start":{"line":7,"column":4},"end":{"line":7,"column":19}},"4":{"start":{"line":8,"column":4},"end":{"line":8,"column":62}},"5":{"start":{"line":12,"column":4},"end":{"line":30,"column":7}},"6":{"start":{"line":13,"column":17},"end":{"line":13,"column":30}},"7":{"start":{"line":14,"column":22},"end":{"line":14,"column":53}},"8":{"start":{"line":15,"column":6},"end":{"line":17,"column":7}},"9":{"start":{"line":16,"column":8},"end":{"line":16,"column":51}},"10":{"start":{"line":19,"column":6},"end":{"line":29,"column":9}},"11":{"start":{"line":20,"column":8},"end":{"line":24,"column":9}},"12":{"start":{"line":21,"column":10},"end":{"line":21,"column":69}},"13":{"start":{"line":22,"column":10},"end":{"line":22,"column":22}},"14":{"start":{"line":23,"column":10},"end":{"line":23,"column":17}},"15":{"start":{"line":25,"column":8},"end":{"line":25,"column":54}},"16":{"start":{"line":26,"column":8},"end":{"line":28,"column":25}},"17":{"start":{"line":27,"column":22},"end":{"line":27,"column":31}},"18":{"start":{"line":34,"column":4},"end":{"line":53,"column":7}},"19":{"start":{"line":35,"column":31},"end":{"line":43,"column":7}},"20":{"start":{"line":44,"column":6},"end":{"line":52,"column":9}},"21":{"start":{"line":45,"column":8},"end":{"line":49,"column":9}},"22":{"start":{"line":46,"column":10},"end":{"line":46,"column":73}},"23":{"start":{"line":47,"column":10},"end":{"line":47,"column":22}},"24":{"start":{"line":48,"column":10},"end":{"line":48,"column":17}},"25":{"start":{"line":50,"column":8},"end":{"line":50,"column":52}},"26":{"start":{"line":51,"column":8},"end":{"line":51,"column":18}},"27":{"start":{"line":57,"column":4},"end":{"line":83,"column":7}},"28":{"start":{"line":58,"column":6},"end":{"line":82,"column":7}},"29":{"start":{"line":59,"column":25},"end":{"line":59,"column":64}},"30":{"start":{"line":60,"column":8},"end":{"line":63,"column":9}},"31":{"start":{"line":61,"column":10},"end":{"line":61,"column":38}},"32":{"start":{"line":62,"column":10},"end":{"line":62,"column":17}},"33":{"start":{"line":65,"column":21},"end":{"line":65,"column":45}},"34":{"start":{"line":66,"column":31},"end":{"line":66,"column":64}},"35":{"start":{"line":68,"column":20},"end":{"line":68,"column":74}},"36":{"start":{"line":69,"column":8},"end":{"line":79,"column":11}},"37":{"start":{"line":70,"column":10},"end":{"line":73,"column":11}},"38":{"start":{"line":71,"column":12},"end":{"line":71,"column":24}},"39":{"start":{"line":72,"column":12},"end":{"line":72,"column":19}},"40":{"start":{"line":74,"column":10},"end":{"line":78,"column":13}},"41":{"start":{"line":81,"column":8},"end":{"line":81,"column":22}},"42":{"start":{"line":87,"column":4},"end":{"line":96,"column":7}},"43":{"start":{"line":88,"column":18},"end":{"line":88,"column":58}},"44":{"start":{"line":89,"column":6},"end":{"line":95,"column":9}},"45":{"start":{"line":90,"column":8},"end":{"line":93,"column":9}},"46":{"start":{"line":91,"column":10},"end":{"line":91,"column":22}},"47":{"start":{"line":92,"column":10},"end":{"line":92,"column":17}},"48":{"start":{"line":94,"column":8},"end":{"line":94,"column":29}},"49":{"start":{"line":100,"column":4},"end":{"line":109,"column":7}},"50":{"start":{"line":101,"column":18},"end":{"line":101,"column":75}},"51":{"start":{"line":102,"column":6},"end":{"line":108,"column":9}},"52":{"start":{"line":103,"column":8},"end":{"line":106,"column":9}},"53":{"start":{"line":104,"column":10},"end":{"line":104,"column":22}},"54":{"start":{"line":105,"column":10},"end":{"line":105,"column":17}},"55":{"start":{"line":107,"column":8},"end":{"line":107,"column":29}},"56":{"start":{"line":113,"column":17},"end":{"line":113,"column":56}},"57":{"start":{"line":114,"column":4},"end":{"line":116,"column":5}},"58":{"start":{"line":115,"column":6},"end":{"line":115,"column":18}},"59":{"start":{"line":118,"column":20},"end":{"line":118,"column":65}},"60":{"start":{"line":119,"column":4},"end":{"line":121,"column":5}},"61":{"start":{"line":120,"column":6},"end":{"line":120,"column":18}},"62":{"start":{"line":123,"column":4},"end":{"line":127,"column":6}},"63":{"start":{"line":131,"column":4},"end":{"line":144,"column":7}},"64":{"start":{"line":132,"column":6},"end":{"line":143,"column":7}},"65":{"start":{"line":133,"column":8},"end":{"line":140,"column":11}},"66":{"start":{"line":134,"column":10},"end":{"line":137,"column":11}},"67":{"start":{"line":135,"column":12},"end":{"line":135,"column":24}},"68":{"start":{"line":136,"column":12},"end":{"line":136,"column":19}},"69":{"start":{"line":138,"column":10},"end":{"line":138,"column":54}},"70":{"start":{"line":139,"column":10},"end":{"line":139,"column":20}},"71":{"start":{"line":142,"column":8},"end":{"line":142,"column":18}},"72":{"start":{"line":148,"column":0},"end":{"line":148,"column":39}}},"fnMap":{"0":{"name":"(anonymous_0)","decl":{"start":{"line":6,"column":2},"end":{"line":6,"column":3}},"loc":{"start":{"line":6,"column":16},"end":{"line":9,"column":3}},"line":6},"1":{"name":"(anonymous_1)","decl":{"start":{"line":11,"column":2},"end":{"line":11,"column":3}},"loc":{"start":{"line":11,"column":21},"end":{"line":31,"column":3}},"line":11},"2":{"name":"(anonymous_2)","decl":{"start":{"line":12,"column":23},"end":{"line":12,"column":24}},"loc":{"start":{"line":12,"column":44},"end":{"line":30,"column":5}},"line":12},"3":{"name":"(anonymous_3)","decl":{"start":{"line":19,"column":50},"end":{"line":19,"column":51}},"loc":{"start":{"line":19,"column":59},"end":{"line":29,"column":7}},"line":19},"4":{"name":"(anonymous_4)","decl":{"start":{"line":27,"column":16},"end":{"line":27,"column":17}},"loc":{"start":{"line":27,"column":22},"end":{"line":27,"column":31}},"line":27},"5":{"name":"(anonymous_5)","decl":{"start":{"line":33,"column":2},"end":{"line":33,"column":3}},"loc":{"start":{"line":33,"column":23},"end":{"line":54,"column":3}},"line":33},"6":{"name":"(anonymous_6)","decl":{"start":{"line":34,"column":23},"end":{"line":34,"column":24}},"loc":{"start":{"line":34,"column":44},"end":{"line":53,"column":5}},"line":34},"7":{"name":"(anonymous_7)","decl":{"start":{"line":44,"column":36},"end":{"line":44,"column":37}},"loc":{"start":{"line":44,"column":45},"end":{"line":52,"column":7}},"line":44},"8":{"name":"(anonymous_8)","decl":{"start":{"line":56,"column":2},"end":{"line":56,"column":3}},"loc":{"start":{"line":56,"column":39},"end":{"line":84,"column":3}},"line":56},"9":{"name":"(anonymous_9)","decl":{"start":{"line":57,"column":23},"end":{"line":57,"column":24}},"loc":{"start":{"line":57,"column":50},"end":{"line":83,"column":5}},"line":57},"10":{"name":"(anonymous_10)","decl":{"start":{"line":69,"column":53},"end":{"line":69,"column":54}},"loc":{"start":{"line":69,"column":67},"end":{"line":79,"column":9}},"line":69},"11":{"name":"(anonymous_11)","decl":{"start":{"line":86,"column":2},"end":{"line":86,"column":3}},"loc":{"start":{"line":86,"column":37},"end":{"line":97,"column":3}},"line":86},"12":{"name":"(anonymous_12)","decl":{"start":{"line":87,"column":23},"end":{"line":87,"column":24}},"loc":{"start":{"line":87,"column":44},"end":{"line":96,"column":5}},"line":87},"13":{"name":"(anonymous_13)","decl":{"start":{"line":89,"column":35},"end":{"line":89,"column":36}},"loc":{"start":{"line":89,"column":49},"end":{"line":95,"column":7}},"line":89},"14":{"name":"(anonymous_14)","decl":{"start":{"line":99,"column":2},"end":{"line":99,"column":3}},"loc":{"start":{"line":99,"column":25},"end":{"line":110,"column":3}},"line":99},"15":{"name":"(anonymous_15)","decl":{"start":{"line":100,"column":23},"end":{"line":100,"column":24}},"loc":{"start":{"line":100,"column":44},"end":{"line":109,"column":5}},"line":100},"16":{"name":"(anonymous_16)","decl":{"start":{"line":102,"column":29},"end":{"line":102,"column":30}},"loc":{"start":{"line":102,"column":43},"end":{"line":108,"column":7}},"line":102},"17":{"name":"(anonymous_17)","decl":{"start":{"line":112,"column":2},"end":{"line":112,"column":3}},"loc":{"start":{"line":112,"column":43},"end":{"line":128,"column":3}},"line":112},"18":{"name":"(anonymous_18)","decl":{"start":{"line":130,"column":2},"end":{"line":130,"column":3}},"loc":{"start":{"line":130,"column":10},"end":{"line":145,"column":3}},"line":130},"19":{"name":"(anonymous_19)","decl":{"start":{"line":131,"column":23},"end":{"line":131,"column":24}},"loc":{"start":{"line":131,"column":44},"end":{"line":144,"column":5}},"line":131},"20":{"name":"(anonymous_20)","decl":{"start":{"line":133,"column":22},"end":{"line":133,"column":23}},"loc":{"start":{"line":133,"column":31},"end":{"line":140,"column":9}},"line":133}},"branchMap":{"0":{"loc":{"start":{"line":15,"column":6},"end":{"line":17,"column":7}},"type":"if","locations":[{"start":{"line":15,"column":6},"end":{"line":17,"column":7}},{"start":{},"end":{}}],"line":15},"1":{"loc":{"start":{"line":20,"column":8},"end":{"line":24,"column":9}},"type":"if","locations":[{"start":{"line":20,"column":8},"end":{"line":24,"column":9}},{"start":{},"end":{}}],"line":20},"2":{"loc":{"start":{"line":45,"column":8},"end":{"line":49,"column":9}},"type":"if","locations":[{"start":{"line":45,"column":8},"end":{"line":49,"column":9}},{"start":{},"end":{}}],"line":45},"3":{"loc":{"start":{"line":60,"column":8},"end":{"line":63,"column":9}},"type":"if","locations":[{"start":{"line":60,"column":8},"end":{"line":63,"column":9}},{"start":{},"end":{}}],"line":60},"4":{"loc":{"start":{"line":70,"column":10},"end":{"line":73,"column":11}},"type":"if","locations":[{"start":{"line":70,"column":10},"end":{"line":73,"column":11}},{"start":{},"end":{}}],"line":70},"5":{"loc":{"start":{"line":90,"column":8},"end":{"line":93,"column":9}},"type":"if","locations":[{"start":{"line":90,"column":8},"end":{"line":93,"column":9}},{"start":{},"end":{}}],"line":90},"6":{"loc":{"start":{"line":94,"column":16},"end":{"line":94,"column":27}},"type":"binary-expr","locations":[{"start":{"line":94,"column":16},"end":{"line":94,"column":19}},{"start":{"line":94,"column":23},"end":{"line":94,"column":27}}],"line":94},"7":{"loc":{"start":{"line":103,"column":8},"end":{"line":106,"column":9}},"type":"if","locations":[{"start":{"line":103,"column":8},"end":{"line":106,"column":9}},{"start":{},"end":{}}],"line":103},"8":{"loc":{"start":{"line":107,"column":16},"end":{"line":107,"column":27}},"type":"binary-expr","locations":[{"start":{"line":107,"column":16},"end":{"line":107,"column":19}},{"start":{"line":107,"column":23},"end":{"line":107,"column":27}}],"line":107},"9":{"loc":{"start":{"line":114,"column":4},"end":{"line":116,"column":5}},"type":"if","locations":[{"start":{"line":114,"column":4},"end":{"line":116,"column":5}},{"start":{},"end":{}}],"line":114},"10":{"loc":{"start":{"line":119,"column":4},"end":{"line":121,"column":5}},"type":"if","locations":[{"start":{"line":119,"column":4},"end":{"line":121,"column":5}},{"start":{},"end":{}}],"line":119},"11":{"loc":{"start":{"line":132,"column":6},"end":{"line":143,"column":7}},"type":"if","locations":[{"start":{"line":132,"column":6},"end":{"line":143,"column":7}},{"start":{"line":141,"column":13},"end":{"line":143,"column":7}}],"line":132},"12":{"loc":{"start":{"line":134,"column":10},"end":{"line":137,"column":11}},"type":"if","locations":[{"start":{"line":134,"column":10},"end":{"line":137,"column":11}},{"start":{},"end":{}}],"line":134}},"s":{"0":1,"1":1,"2":1,"3":1,"4":1,"5":1,"6":1,"7":1,"8":1,"9":0,"10":1,"11":1,"12":0,"13":0,"14":0,"15":1,"16":1,"17":1,"18":1,"19":1,"20":1,"21":1,"22":0,"23":0,"24":0,"25":1,"26":1,"27":0,"28":0,"29":0,"30":0,"31":0,"32":0,"33":0,"34":0,"35":0,"36":0,"37":0,"38":0,"39":0,"40":0,"41":0,"42":0,"43":0,"44":0,"45":0,"46":0,"47":0,"48":0,"49":0,"50":0,"51":0,"52":0,"53":0,"54":0,"55":0,"56":0,"57":0,"58":0,"59":0,"60":0,"61":0,"62":0,"63":0,"64":0,"65":0,"66":0,"67":0,"68":0,"69":0,"70":0,"71":0,"72":1},"f":{"0":1,"1":1,"2":1,"3":1,"4":1,"5":1,"6":1,"7":1,"8":0,"9":0,"10":0,"11":0,"12":0,"13":0,"14":0,"15":0,"16":0,"17":0,"18":0,"19":0,"20":0},"b":{"0":[0,1],"1":[0,1],"2":[0,1],"3":[0,0],"4":[0,0],"5":[0,0],"6":[0,0],"7":[0,0],"8":[0,0],"9":[0,0],"10":[0,0],"11":[0,0],"12":[0,0]},"_coverageSchema":"1a1c01bbd47fc00a2c39e90264f33305004495a9","hash":"98a71a1fb0977bccbe28860203c6a2ab9c8b8334"}
[...]
,"D:\\me\\project\\项目四\\services\\heatmapRenderer.js": {"path":"D:\\me\\project\\项目四\\services\\heatmapRenderer.js","statementMap":{"0":{"start":{"line":3,"column":4},"end":{"line":3,"column":23}},"1":{"start":{"line":4,"column":4},"end":{"line":4,"column":21}},"2":{"start":{"line":5,"column":4},"end":{"line":5,"column":31}},"3":{"start":{"line":6,"column":4},"end":{"line":6,"column":32}},"4":{"start":{"line":7,"column":4},"end":{"line":7,"column":22}},"5":{"start":{"line":19,"column":8},"end":{"line":19,"column":15}},"6":{"start":{"line":22,"column":19},"end":{"line":22,"column":51}},"7":{"start":{"line":25,"column":21},"end":{"line":25,"column":34}},"8":{"start":{"line":26,"column":20},"end":{"line":26,"column":32}},"9":{"start":{"line":28,"column":19},"end":{"line":28,"column":84}},"10":{"start":{"line":29,"column":19},"end":{"line":29,"column":83}},"11":{"start":{"line":32,"column":18},"end":{"line":32,"column":51}},"12":{"start":{"line":34,"column":14},"end":{"line":34,"column":56}},"13":{"start":{"line":35,"column":4},"end":{"line":35,"column":125}},"14":{"start":{"line":36,"column":4},"end":{"line":36,"column":74}},"15":{"start":{"line":39,"column":4},"end":{"line":41,"column":5}},"16":{"start":{"line":40,"column":6},"end":{"line":40,"column":151}},"17":{"start":{"line":44,"column":4},"end":{"line":46,"column":5}},"18":{"start":{"line":45,"column":6},"end":{"line":45,"column":79}},"19":{"start":{"line":49,"column":4},"end":{"line":51,"column":5}},"20":{"start":{"line":50,"column":6},"end":{"line":50,"column":74}},"21":{"start":{"line":54,"column":4},"end":{"line":54,"column":79}},"22":{"start":{"line":57,"column":4},"end":{"line":59,"column":5}},"23":{"start":{"line":58,"column":6},"end":{"line":58,"column":81}},"24":{"start":{"line":61,"column":4},"end":{"line":61,"column":20}},"25":{"start":{"line":62,"column":4},"end":{"line":62,"column":15}},"26":{"start":{"line":69,"column":18},"end":{"line":69,"column":20}},"27":{"start":{"line":70,"column":22},"end":{"line":70,"column":24}},"28":{"start":{"line":72,"column":4},"end":{"line":80,"column":7}},"29":{"start":{"line":73,"column":6},"end":{"line":73,"column":29}},"30":{"start":{"line":76,"column":6},"end":{"line":79,"column":7}},"31":{"start":{"line":77,"column":8},"end":{"line":77,"column":32}},"32":{"start":{"line":78,"column":8},"end":{"line":78,"column":25}},"33":{"start":{"line":82,"column":4},"end":{"line":82,"column":17}},"34":{"start":{"line":89,"column":14},"end":{"line":89,"column":16}},"35":{"start":{"line":90,"column":19},"end":{"line":91,"column":61}},"36":{"start":{"line":93,"column":20},"end":{"line":93,"column":22}},"37":{"start":{"line":95,"column":4},"end":{"line":106,"column":7}},"38":{"start":{"line":96,"column":6},"end":{"line":105,"column":7}},"39":{"start":{"line":97,"column":21},"end":{"line":97,"column":43}},"40":{"start":{"line":98,"column":22},"end":{"line":98,"column":37}},"41":{"start":{"line":100,"column":8},"end":{"line":104,"column":9}},"42":{"start":{"line":101,"column":20},"end":{"line":101,"column":61}},"43":{"start":{"line":102,"column":10},"end":{"line":102,"column":128}},"44":{"start":{"line":103,"column":10},"end":{"line":103,"column":28}},"45":{"start":{"line":108,"column":4},"end":{"line":108,"column":15}},"46":{"start":{"line":115,"column":14},"end":{"line":115,"column":16}},"47":{"start":{"line":116,"column":21},"end":{"line":116,"column":54}},"48":{"start":{"line":118,"column":4},"end":{"line":123,"column":7}},"49":{"start":{"line":119,"column":6},"end":{"line":122,"column":7}},"50":{"start":{"line":120,"column":18},"end":{"line":120,"column":74}},"51":{"start":{"line":121,"column":8},"end":{"line":121,"column":134}},"52":{"start":{"line":125,"column":4},"end":{"line":125,"column":15}},"53":{"start":{"line":132,"column":14},"end":{"line":132,"column":16}},"54":{"start":{"line":134,"column":4},"end":{"line":145,"column":7}},"55":{"start":{"line":135,"column":6},"end":{"line":144,"column":9}},"56":{"start":{"line":136,"column":18},"end":{"line":136,"column":59}},"57":{"start":{"line":137,"column":18},"end":{"line":137,"column":58}},"58":{"start":{"line":140,"column":22},"end":{"line":140,"column":54}},"59":{"start":{"line":143,"column":8},"end":{"line":143,"column":116}},"60":{"start":{"line":147,"column":4},"end":{"line":147,"column":15}},"61":{"start":{"line":154,"column":14},"end":{"line":154,"column":16}},"62":{"start":{"line":156,"column":4},"end":{"line":156,"column":110}},"63":{"start":{"line":158,"column":19},"end":{"line":159,"column":56}},"64":{"start":{"line":161,"column":4},"end":{"line":164,"column":7}},"65":{"start":{"line":162,"column":19},"end":{"line":162,"column":33}},"66":{"start":{"line":163,"column":6},"end":{"line":163,"column":93}},"67":{"start":{"line":166,"column":4},"end":{"line":166,"column":130}},"68":{"start":{"line":168,"column":4},"end":{"line":168,"column":15}},"69":{"start":{"line":175,"column":14},"end":{"line":175,"column":56}},"70":{"start":{"line":176,"column":4},"end":{"line":176,"column":125}},"71":{"start":{"line":177,"column":4},"end":{"line":177,"column":74}},"72":{"start":{"line":180,"column":4},"end":{"line":180,"column":156}},"73":{"start":{"line":183,"column":22},"end":{"line":183,"column":24}},"74":{"start":{"line":184,"column":19},"end":{"line":184,"column":21}},"75":{"start":{"line":185,"column":19},"end":{"line":185,"column":21}},"76":{"start":{"line":186,"column":24},"end":{"line":186,"column":35}},"77":{"start":{"line":188,"column":21},"end":{"line":188,"column":65}},"78":{"start":{"line":188,"column":56},"end":{"line":188,"column":63}},"79":{"start":{"line":190,"column":4},"end":{"line":203,"column":7}},"80":{"start":{"line":191,"column":16},"end":{"line":191,"column":53}},"81":{"start":{"line":192,"column":23},"end":{"line":192,"column":60}},"82":{"start":{"line":195,"column":6},"end":{"line":195,"column":130}},"83":{"start":{"line":198,"column":20},"end":{"line":198,"column":52}},"84":{"start":{"line":199,"column":6},"end":{"line":199,"column":114}},"85":{"start":{"line":202,"column":6},"end":{"line":202,"column":150}},"86":{"start":{"line":205,"column":4},"end":{"line":205,"column":20}},"87":{"start":{"line":206,"column":4},"end":{"line":206,"column":15}},"88":{"start":{"line":213,"column":18},"end":{"line":213,"column":21}},"89":{"start":{"line":214,"column":19},"end":{"line":214,"column":22}},"90":{"start":{"line":216,"column":14},"end":{"line":216,"column":56}},"91":{"start":{"line":217,"column":4},"end":{"line":217,"column":125}},"92":{"start":{"line":220,"column":4},"end":{"line":220,"column":22}},"93":{"start":{"line":221,"column":4},"end":{"line":221,"column":86}},"94":{"start":{"line":222,"column":4},"end":{"line":222,"column":82}},"95":{"start":{"line":223,"column":4},"end":{"line":223,"column":84}},"96":{"start":{"line":224,"column":4},"end":{"line":224,"column":35}},"97":{"start":{"line":225,"column":4},"end":{"line":225,"column":23}},"98":{"start":{"line":226,"column":4},"end":{"line":226,"column":83}},"99":{"start":{"line":229,"column":4},"end":{"line":229,"column":114}},"100":{"start":{"line":232,"column":4},"end":{"line":232,"column":171}},"101":{"start":{"line":234,"column":4},"end":{"line":236,"column":5}},"102":{"start":{"line":235,"column":6},"end":{"line":235,"column":161}},"103":{"start":{"line":239,"column":4},"end":{"line":239,"column":165}},"104":{"start":{"line":240,"column":4},"end":{"line":240,"column":144}},"105":{"start":{"line":243,"column":4},"end":{"line":249,"column":5}},"106":{"start":{"line":244,"column":6},"end":{"line":244,"column":181}},"107":{"start":{"line":247,"column":24},"end":{"line":247,"column":68}},"108":{"start":{"line":248,"column":6},"end":{"line":248,"column":85}},"109":{"start":{"line":252,"column":4},"end":{"line":252,"column":98}},"110":{"start":{"line":253,"column":4},"end":{"line":253,"column":176}},"111":{"start":{"line":255,"column":4},"end":{"line":255,"column":20}},"112":{"start":{"line":256,"column":4},"end":{"line":256,"column":15}},"113":{"start":{"line":263,"column":20},"end":{"line":292,"column":5}},"114":{"start":{"line":294,"column":4},"end":{"line":294,"column":44}},"115":{"start":{"line":301,"column":19},"end":{"line":320,"column":5}},"116":{"start":{"line":322,"column":4},"end":{"line":322,"column":41}},"117":{"start":{"line":329,"column":4},"end":{"line":329,"column":25}},"118":{"start":{"line":329,"column":15},"end":{"line":329,"column":25}},"119":{"start":{"line":330,"column":4},"end":{"line":335,"column":30}},"120":{"start":{"line":339,"column":0},"end":{"line":339,"column":33}}},"fnMap":{"0":{"name":"(anonymous_0)","decl":{"start":{"line":2,"column":2},"end":{"line":2,"column":3}},"loc":{"start":{"line":2,"column":16},"end":{"line":8,"column":3}},"line":2},"1":{"name":"(anonymous_1)","decl":{"start":{"line":13,"column":2},"end":{"line":13,"column":3}},"loc":{"start":{"line":13,"column":68},"end":{"line":63,"column":3}},"line":13},"2":{"name":"(anonymous_2)","decl":{"start":{"line":68,"column":2},"end":{"line":68,"column":3}},"loc":{"start":{"line":68,"column":31},"end":{"line":83,"column":3}},"line":68},"3":{"name":"(anonymous_3)","decl":{"start":{"line":72,"column":24},"end":{"line":72,"column":25}},"loc":{"start":{"line":72,"column":41},"end":{"line":80,"column":5}},"line":72},"4":{"name":"(anonymous_4)","decl":{"start":{"line":88,"column":2},"end":{"line":88,"column":3}},"loc":{"start":{"line":88,"column":63},"end":{"line":109,"column":3}},"line":88},"5":{"name":"(anonymous_5)","decl":{"start":{"line":95,"column":18},"end":{"line":95,"column":19}},"loc":{"start":{"line":95,"column":39},"end":{"line":106,"column":5}},"line":95},"6":{"name":"(anonymous_6)","decl":{"start":{"line":114,"column":2},"end":{"line":114,"column":3}},"loc":{"start":{"line":114,"column":58},"end":{"line":126,"column":3}},"line":114},"7":{"name":"(anonymous_7)","decl":{"start":{"line":118,"column":21},"end":{"line":118,"column":22}},"loc":{"start":{"line":118,"column":37},"end":{"line":123,"column":5}},"line":118},"8":{"name":"(anonymous_8)","decl":{"start":{"line":131,"column":2},"end":{"line":131,"column":3}},"loc":{"start":{"line":131,"column":65},"end":{"line":148,"column":3}},"line":131},"9":{"name":"(anonymous_9)","decl":{"start":{"line":134,"column":18},"end":{"line":134,"column":19}},"loc":{"start":{"line":134,"column":39},"end":{"line":145,"column":5}},"line":134},"10":{"name":"(anonymous_10)","decl":{"start":{"line":135,"column":19},"end":{"line":135,"column":20}},"loc":{"start":{"line":135,"column":38},"end":{"line":144,"column":7}},"line":135},"11":{"name":"(anonymous_11)","decl":{"start":{"line":153,"column":2},"end":{"line":153,"column":3}},"loc":{"start":{"line":153,"column":30},"end":{"line":169,"column":3}},"line":153},"12":{"name":"(anonymous_12)","decl":{"start":{"line":161,"column":19},"end":{"line":161,"column":20}},"loc":{"start":{"line":161,"column":37},"end":{"line":164,"column":5}},"line":161},"13":{"name":"(anonymous_13)","decl":{"start":{"line":174,"column":2},"end":{"line":174,"column":3}},"loc":{"start":{"line":174,"column":64},"end":{"line":207,"column":3}},"line":174},"14":{"name":"(anonymous_14)","decl":{"start":{"line":188,"column":51},"end":{"line":188,"column":52}},"loc":{"start":{"line":188,"column":56},"end":{"line":188,"column":63}},"line":188},"15":{"name":"(anonymous_15)","decl":{"start":{"line":190,"column":26},"end":{"line":190,"column":27}},"loc":{"start":{"line":190,"column":43},"end":{"line":203,"column":5}},"line":190},"16":{"name":"(anonymous_16)","decl":{"start":{"line":212,"column":2},"end":{"line":212,"column":3}},"loc":{"start":{"line":212,"column":101},"end":{"line":257,"column":3}},"line":212},"17":{"name":"(anonymous_17)","decl":{"start":{"line":262,"column":2},"end":{"line":262,"column":3}},"loc":{"start":{"line":262,"column":23},"end":{"line":295,"column":3}},"line":262},"18":{"name":"(anonymous_18)","decl":{"start":{"line":300,"column":2},"end":{"line":300,"column":3}},"loc":{"start":{"line":300,"column":29},"end":{"line":323,"column":3}},"line":300},"19":{"name":"(anonymous_19)","decl":{"start":{"line":328,"column":2},"end":{"line":328,"column":3}},"loc":{"start":{"line":328,"column":18},"end":{"line":336,"column":3}},"line":328}},"branchMap":{"0":{"loc":{"start":{"line":13,"column":29},"end":{"line":13,"column":52}},"type":"default-arg","locations":[{"start":{"line":13,"column":43},"end":{"line":13,"column":52}}],"line":13},"1":{"loc":{"start":{"line":13,"column":54},"end":{"line":13,"column":66}},"type":"default-arg","locations":[{"start":{"line":13,"column":64},"end":{"line":13,"column":66}}],"line":13},"2":{"loc":{"start":{"line":15,"column":6},"end":{"line":15,"column":17}},"type":"default-arg","locations":[{"start":{"line":15,"column":14},"end":{"line":15,"column":17}}],"line":15},"3":{"loc":{"start":{"line":16,"column":6},"end":{"line":16,"column":18}},"type":"default-arg","locations":[{"start":{"line":16,"column":15},"end":{"line":16,"column":18}}],"line":16},"4":{"loc":{"start":{"line":17,"column":6},"end":{"line":17,"column":23}},"type":"default-arg","locations":[{"start":{"line":17,"column":19},"end":{"line":17,"column":23}}],"line":17},"5":{"loc":{"start":{"line":18,"column":6},"end":{"line":18,"column":18}},"type":"default-arg","locations":[{"start":{"line":18,"column":14},"end":{"line":18,"column":18}}],"line":18},"6":{"loc":{"start":{"line":28,"column":19},"end":{"line":28,"column":84}},"type":"cond-expr","locations":[{"start":{"line":28,"column":32},"end":{"line":28,"column":69}},{"start":{"line":28,"column":72},"end":{"line":28,"column":84}}],"line":28},"7":{"loc":{"start":{"line":29,"column":19},"end":{"line":29,"column":83}},"type":"cond-expr","locations":[{"start":{"line":29,"column":32},"end":{"line":29,"column":68}},{"start":{"line":29,"column":71},"end":{"line":29,"column":83}}],"line":29},"8":{"loc":{"start":{"line":39,"column":4},"end":{"line":41,"column":5}},"type":"if","locations":[{"start":{"line":39,"column":4},"end":{"line":41,"column":5}},{"start":{},"end":{}}],"line":39},"9":{"loc":{"start":{"line":39,"column":8},"end":{"line":39,"column":27}},"type":"binary-expr","locations":[{"start":{"line":39,"column":8},"end":{"line":39,"column":13}},{"start":{"line":39,"column":17},"end":{"line":39,"column":27}}],"line":39},"10":{"loc":{"start":{"line":44,"column":4},"end":{"line":46,"column":5}},"type":"if","locations":[{"start":{"line":44,"column":4},"end":{"line":46,"column":5}},{"start":{},"end":{}}],"line":44},"11":{"loc":{"start":{"line":49,"column":4},"end":{"line":51,"column":5}},"type":"if","locations":[{"start":{"line":49,"column":4},"end":{"line":51,"column":5}},{"start":{},"end":{}}],"line":49},"12":{"loc":{"start":{"line":57,"column":4},"end":{"line":59,"column":5}},"type":"if","locations":[{"start":{"line":57,"column":4},"end":{"line":59,"column":5}},{"start":{},"end":{}}],"line":57},"13":{"loc":{"start":{"line":76,"column":6},"end":{"line":79,"column":7}},"type":"if","locations":[{"start":{"line":76,"column":6},"end":{"line":79,"column":7}},{"start":{},"end":{}}],"line":76},"14":{"loc":{"start":{"line":76,"column":10},"end":{"line":76,"column":70}},"type":"binary-expr","locations":[{"start":{"line":76,"column":10},"end":{"line":76,"column":34}},{"start":{"line":76,"column":38},"end":{"line":76,"column":70}}],"line":76},"15":{"loc":{"start":{"line":96,"column":6},"end":{"line":105,"column":7}},"type":"if","locations":[{"start":{"line":96,"column":6},"end":{"line":105,"column":7}},{"start":{},"end":{}}],"line":96},"16":{"loc":{"start":{"line":100,"column":8},"end":{"line":104,"column":9}},"type":"if","locations":[{"start":{"line":100,"column":8},"end":{"line":104,"column":9}},{"start":{},"end":{}}],"line":100},"17":{"loc":{"start":{"line":119,"column":6},"end":{"line":122,"column":7}},"type":"if","locations":[{"start":{"line":119,"column":6},"end":{"line":122,"column":7}},{"start":{},"end":{}}],"line":119},"18":{"loc":{"start":{"line":140,"column":22},"end":{"line":140,"column":54}},"type":"binary-expr","locations":[{"start":{"line":140,"column":22},"end":{"line":140,"column":39}},{"start":{"line":140,"column":43},"end":{"line":140,"column":54}}],"line":140},"19":{"loc":{"start":{"line":174,"column":37},"end":{"line":174,"column":48}},"type":"default-arg","locations":[{"start":{"line":174,"column":45},"end":{"line":174,"column":48}}],"line":174},"20":{"loc":{"start":{"line":174,"column":50},"end":{"line":174,"column":62}},"type":"default-arg","locations":[{"start":{"line":174,"column":59},"end":{"line":174,"column":62}}],"line":174},"21":{"loc":{"start":{"line":212,"column":76},"end":{"line":212,"column":99}},"type":"default-arg","locations":[{"start":{"line":212,"column":90},"end":{"line":212,"column":99}}],"line":212},"22":{"loc":{"start":{"line":234,"column":4},"end":{"line":236,"column":5}},"type":"if","locations":[{"start":{"line":234,"column":4},"end":{"line":236,"column":5}},{"start":{},"end":{}}],"line":234},"23":{"loc":{"start":{"line":243,"column":4},"end":{"line":249,"column":5}},"type":"if","locations":[{"start":{"line":243,"column":4},"end":{"line":249,"column":5}},{"start":{},"end":{}}],"line":243},"24":{"loc":{"start":{"line":294,"column":11},"end":{"line":294,"column":43}},"type":"binary-expr","locations":[{"start":{"line":294,"column":11},"end":{"line":294,"column":24}},{"start":{"line":294,"column":28},"end":{"line":294,"column":43}}],"line":294},"25":{"loc":{"start":{"line":322,"column":11},"end":{"line":322,"column":40}},"type":"binary-expr","locations":[{"start":{"line":322,"column":11},"end":{"line":322,"column":27}},{"start":{"line":322,"column":31},"end":{"line":322,"column":40}}],"line":322},"26":{"loc":{"start":{"line":329,"column":4},"end":{"line":329,"column":25}},"type":"if","locations":[{"start":{"line":329,"column":4},"end":{"line":329,"column":25}},{"start":{},"end":{}}],"line":329}},"s":{"0":1,"1":1,"2":1,"3":1,"4":1,"5":0,"6":0,"7":0,"8":0,"9":0,"10":0,"11":0,"12":0,"13":0,"14":0,"15":0,"16":0,"17":0,"18":0,"19":0,"20":0,"21":0,"22":0,"23":0,"24":0,"25":0,"26":0,"27":0,"28":0,"29":0,"30":0,"31":0,"32":0,"33":0,"34":0,"35":0,"36":0,"37":0,"38":0,"39":0,"40":0,"41":0,"42":0,"43":0,"44":0,"45":0,"46":0,"47":0,"48":0,"49":0,"50":0,"51":0,"52":0,"53":0,"54":0,"55":0,"56":0,"57":0,"58":0,"59":0,"60":0,"61":0,"62":0,"63":0,"64":0,"65":0,"66":0,"67":0,"68":0,"69":0,"70":0,"71":0,"72":0,"73":0,"74":0,"75":0,"76":0,"77":0,"78":0,"79":0,"80":0,"81":0,"82":0,"83":0,"84":0,"85":0,"86":0,"87":0,"88":0,"89":0,"90":0,"91":0,"92":0,"93":0,"94":0,"95":0,"96":0,"97":0,"98":0,"99":0,"100":0,"101":0,"102":0,"103":0,"104":0,"105":0,"106":0,"107":0,"108":0,"109":0,"110":0,"111":0,"112":0,"113":0,"114":0,"115":0,"116":0,"117":0,"118":0,"119":0,"120":1},"f":{"0":1,"1":0,"2":0,"3":0,"4":0,"5":0,"6":0,"7":0,"8":0,"9":0,"10":0,"11":0,"12":0,"13":0,"14":0,"15":0,"16":0,"17":0,"18":0,"19":0},"b":{"0":[0],"1":[0],"2":[0],"3":[0],"4":[0],"5":[0],"6":[0,0],"7":[0,0],"8":[0,0],"9":[0,0],"10":[0,0],"11":[0,0],"12":[0,0],"13":[0,0],"14":[0,0],"15":[0,0],"16":[0,0],"17":[0,0],"18":[0,0],"19":[0],"20":[0],"21":[0],"22":[0,0],"23":[0,0],"24":[0,0],"25":[0,0],"26":[0,0]},"_coverageSchema":"1a1c01bbd47fc00a2c39e90264f33305004495a9","hash":"22f919e036fe998f0f176e1114c53e1a820c89fd"}
}
