TN:
SF:server.js
FN:66,(anonymous_0)
FN:81,(anonymous_1)
FN:97,(anonymous_2)
FN:164,(anonymous_3)
FN:230,(anonymous_4)
FN:289,(anonymous_5)
FN:356,(anonymous_6)
FN:363,(anonymous_7)
FN:384,(anonymous_8)
FN:413,(anonymous_9)
FNF:10
FNH:5
FNDA:0,(anonymous_0)
FNDA:0,(anonymous_1)
FNDA:2,(anonymous_2)
FNDA:27,(anonymous_3)
FNDA:1,(anonymous_4)
FNDA:1,(anonymous_5)
FNDA:0,(anonymous_6)
FNDA:1,(anonymous_7)
FNDA:0,(anonymous_8)
FNDA:0,(anonymous_9)
DA:1,1
DA:2,1
DA:3,1
DA:4,1
DA:6,1
DA:7,1
DA:8,1
DA:9,1
DA:10,1
DA:13,1
DA:14,1
DA:17,1
DA:18,1
DA:21,1
DA:22,1
DA:25,1
DA:26,1
DA:27,1
DA:28,1
DA:30,1
DA:31,1
DA:38,1
DA:41,1
DA:48,1
DA:51,1
DA:54,1
DA:55,1
DA:58,1
DA:61,1
DA:62,1
DA:63,1
DA:66,1
DA:67,0
DA:75,1
DA:78,1
DA:81,1
DA:82,0
DA:83,0
DA:84,0
DA:86,0
DA:87,0
DA:93,1
DA:98,2
DA:99,2
DA:101,2
DA:104,2
DA:107,0
DA:110,0
DA:113,0
DA:119,0
DA:121,0
DA:132,2
DA:135,2
DA:136,0
DA:142,2
DA:143,0
DA:149,2
DA:159,1
DA:165,27
DA:166,27
DA:167,27
DA:169,27
DA:172,27
DA:173,27
DA:175,27
DA:176,0
DA:177,0
DA:178,0
DA:179,0
DA:182,27
DA:185,27
DA:186,0
DA:189,0
DA:201,0
DA:203,0
DA:204,0
DA:205,0
DA:207,26
DA:209,26
DA:210,0
DA:216,26
DA:226,1
DA:231,1
DA:232,1
DA:234,1
DA:237,1
DA:238,1
DA:240,1
DA:241,0
DA:242,0
DA:243,0
DA:244,0
DA:247,1
DA:250,1
DA:253,0
DA:256,0
DA:259,0
DA:261,0
DA:262,0
DA:263,0
DA:265,1
DA:267,1
DA:268,0
DA:274,1
DA:284,1
DA:290,1
DA:291,1
DA:292,1
DA:294,1
DA:297,1
DA:298,1
DA:300,1
DA:301,0
DA:302,0
DA:303,0
DA:304,0
DA:307,1
DA:310,1
DA:313,0
DA:316,0
DA:319,0
DA:322,0
DA:331,0
DA:333,0
DA:334,0
DA:335,0
DA:337,1
DA:339,1
DA:340,0
DA:346,1
DA:356,1
DA:357,0
DA:363,1
DA:364,1
DA:366,1
DA:384,1
DA:385,0
DA:386,0
DA:389,0
DA:390,0
DA:392,0
DA:404,1
DA:407,1
DA:412,1
DA:413,0
DA:414,0
DA:415,0
DA:416,0
DA:417,0
DA:418,0
DA:422,1
LF:151
LH:91
BRDA:31,0,0,1
BRDA:31,0,1,0
BRDA:42,1,0,1
BRDA:42,1,1,0
BRDA:83,2,0,0
BRDA:83,2,1,0
BRDA:135,3,0,0
BRDA:135,3,1,2
BRDA:142,4,0,0
BRDA:142,4,1,2
BRDA:167,5,0,26
BRDA:175,6,0,0
BRDA:175,6,1,27
BRDA:209,7,0,0
BRDA:209,7,1,26
BRDA:240,8,0,0
BRDA:240,8,1,1
BRDA:267,9,0,0
BRDA:267,9,1,1
BRDA:292,10,0,1
BRDA:300,11,0,0
BRDA:300,11,1,1
BRDA:339,12,0,0
BRDA:339,12,1,1
BRDA:385,13,0,0
BRDA:385,13,1,0
BRDA:412,14,0,0
BRDA:412,14,1,1
BRF:28
BRH:13
end_of_record
TN:
SF:config\i18n.js
FNF:0
FNH:0
DA:1,1
DA:2,1
DA:3,1
DA:5,1
DA:7,1
DA:23,1
LF:6
LH:6
BRF:0
BRH:0
end_of_record
TN:
SF:config\logger.js
FN:25,(anonymous_0)
FN:46,(anonymous_1)
FN:117,(anonymous_2)
FN:121,(anonymous_3)
FN:142,(anonymous_4)
FN:146,(anonymous_5)
FN:150,(anonymous_6)
FN:154,(anonymous_7)
FN:163,(anonymous_8)
FN:167,(anonymous_9)
FN:171,(anonymous_10)
FN:183,(anonymous_11)
FN:187,(anonymous_12)
FNF:13
FNH:5
FNDA:134,(anonymous_0)
FNDA:134,(anonymous_1)
FNDA:44,(anonymous_2)
FNDA:43,(anonymous_3)
FNDA:0,(anonymous_4)
FNDA:31,(anonymous_5)
FNDA:0,(anonymous_6)
FNDA:0,(anonymous_7)
FNDA:0,(anonymous_8)
FNDA:0,(anonymous_9)
FNDA:0,(anonymous_10)
FNDA:0,(anonymous_11)
FNDA:0,(anonymous_12)
DA:1,1
DA:2,1
DA:3,1
DA:6,1
DA:9,1
DA:10,1
DA:11,0
DA:17,1
DA:26,134
DA:29,134
DA:30,43
DA:33,134
DA:40,1
DA:47,134
DA:49,134
DA:50,43
DA:53,134
DA:60,1
DA:101,1
DA:102,1
DA:108,0
DA:117,1
DA:118,44
DA:121,44
DA:122,43
DA:124,43
DA:135,44
DA:141,1
DA:143,0
DA:147,31
DA:151,0
DA:155,0
DA:162,1
DA:164,0
DA:168,0
DA:172,0
DA:182,1
DA:184,0
DA:188,0
DA:189,0
DA:192,0
DA:193,0
DA:196,0
DA:200,1
LF:44
LH:30
BRDA:10,0,0,0
BRDA:10,0,1,1
BRDA:29,1,0,43
BRDA:29,1,1,91
BRDA:49,2,0,43
BRDA:49,2,1,91
BRDA:62,3,0,1
BRDA:62,3,1,0
BRDA:101,4,0,1
BRDA:101,4,1,0
BRDA:142,5,0,0
BRDA:146,6,0,0
BRDA:150,7,0,0
BRDA:163,8,0,0
BRDA:192,9,0,0
BRDA:192,9,1,0
BRF:16
BRH:7
end_of_record
TN:
SF:middleware\errorHandler.js
FN:6,(anonymous_0)
FN:48,(anonymous_1)
FNF:2
FNH:0
FNDA:0,(anonymous_0)
FNDA:0,(anonymous_1)
DA:6,1
DA:8,0
DA:17,0
DA:19,0
DA:25,0
DA:27,0
DA:34,0
DA:35,0
DA:39,0
DA:48,1
DA:49,0
DA:55,1
LF:12
LH:3
BRDA:10,0,0,0
BRDA:10,0,1,0
BRDA:17,1,0,0
BRDA:17,1,1,0
BRDA:25,2,0,0
BRDA:25,2,1,0
BRDA:34,3,0,0
BRDA:34,3,1,0
BRDA:35,4,0,0
BRDA:35,4,1,0
BRF:10
BRH:0
end_of_record
TN:
SF:middleware\rateLimiter.js
FNF:0
FNH:0
DA:1,1
DA:9,1
DA:22,1
DA:35,1
DA:46,1
LF:5
LH:5
BRF:0
BRH:0
end_of_record
TN:
SF:middleware\security.js
FNF:0
FNH:0
DA:1,1
DA:8,1
DA:31,1
LF:3
LH:3
BRF:0
BRH:0
end_of_record
TN:
SF:middleware\validation.js
FN:40,(anonymous_0)
FN:47,(anonymous_1)
FN:61,(anonymous_2)
FNF:3
FNH:2
FNDA:33,(anonymous_0)
FNDA:2,(anonymous_1)
FNDA:0,(anonymous_2)
DA:1,1
DA:15,1
DA:28,1
DA:40,1
DA:41,33
DA:43,33
DA:44,2
DA:47,2
DA:54,31
DA:61,1
DA:62,0
DA:63,0
DA:66,0
DA:73,1
LF:14
LH:11
BRDA:43,0,0,2
BRDA:43,0,1,31
BRDA:62,1,0,0
BRDA:62,1,1,0
BRF:4
BRH:2
end_of_record
TN:
SF:routes\auth.js
FN:7,(anonymous_0)
FN:44,(anonymous_1)
FN:89,(anonymous_2)
FNF:3
FNH:0
FNDA:0,(anonymous_0)
FNDA:0,(anonymous_1)
FNDA:0,(anonymous_2)
DA:1,1
DA:2,1
DA:3,1
DA:4,1
DA:7,1
DA:8,0
DA:9,0
DA:11,0
DA:12,0
DA:18,0
DA:20,0
DA:29,0
DA:30,0
DA:36,0
DA:44,1
DA:45,0
DA:46,0
DA:48,0
DA:49,0
DA:55,0
DA:57,0
DA:58,0
DA:64,0
DA:70,0
DA:80,0
DA:81,0
DA:89,1
DA:90,0
DA:91,0
DA:93,0
DA:94,0
DA:100,0
DA:101,0
DA:103,0
DA:105,0
DA:106,0
DA:112,0
DA:117,0
DA:118,0
DA:124,0
DA:131,1
LF:41
LH:8
BRDA:11,0,0,0
BRDA:11,0,1,0
BRDA:11,1,0,0
BRDA:11,1,1,0
BRDA:29,2,0,0
BRDA:29,2,1,0
BRDA:48,3,0,0
BRDA:48,3,1,0
BRDA:48,4,0,0
BRDA:48,4,1,0
BRDA:57,5,0,0
BRDA:57,5,1,0
BRDA:66,6,0,0
BRDA:66,6,1,0
BRDA:67,7,0,0
BRDA:67,7,1,0
BRDA:93,8,0,0
BRDA:93,8,1,0
BRDA:93,9,0,0
BRDA:93,9,1,0
BRDA:101,10,0,0
BRDA:101,10,1,0
BRDA:105,11,0,0
BRDA:105,11,1,0
BRDA:117,12,0,0
BRDA:117,12,1,0
BRF:26
BRH:0
end_of_record
TN:
SF:routes\export.js
FN:5,(anonymous_0)
FN:10,(anonymous_1)
FN:15,(anonymous_2)
FN:20,(anonymous_3)
FNF:4
FNH:0
FNDA:0,(anonymous_0)
FNDA:0,(anonymous_1)
FNDA:0,(anonymous_2)
FNDA:0,(anonymous_3)
DA:1,1
DA:2,1
DA:5,1
DA:6,0
DA:10,1
DA:11,0
DA:15,1
DA:16,0
DA:20,1
DA:21,0
DA:24,1
LF:11
LH:7
BRF:0
BRH:0
end_of_record
TN:
SF:services\cacheService.js
FN:9,(anonymous_0)
FN:20,(anonymous_1)
FN:33,(anonymous_2)
FN:39,(anonymous_3)
FN:67,(anonymous_4)
FN:98,(anonymous_5)
FN:121,(anonymous_6)
FN:138,(anonymous_7)
FN:159,(anonymous_8)
FN:178,(anonymous_9)
FN:213,(anonymous_10)
FN:226,(anonymous_11)
FN:242,(anonymous_12)
FN:246,(anonymous_13)
FNF:14
FNH:3
FNDA:1,(anonymous_0)
FNDA:0,(anonymous_1)
FNDA:1,(anonymous_2)
FNDA:0,(anonymous_3)
FNDA:60,(anonymous_4)
FNDA:0,(anonymous_5)
FNDA:0,(anonymous_6)
FNDA:0,(anonymous_7)
FNDA:0,(anonymous_8)
FNDA:0,(anonymous_9)
FNDA:0,(anonymous_10)
FNDA:0,(anonymous_11)
FNDA:0,(anonymous_12)
FNDA:0,(anonymous_13)
DA:1,1
DA:10,1
DA:11,1
DA:14,1
DA:16,1
DA:17,1
DA:21,0
DA:22,0
DA:23,0
DA:25,0
DA:26,0
DA:33,1
DA:34,1
DA:35,1
DA:39,1
DA:40,0
DA:41,0
DA:42,0
DA:43,0
DA:48,1
DA:57,0
DA:58,0
DA:68,60
DA:69,60
DA:70,60
DA:71,60
DA:72,60
DA:76,0
DA:77,0
DA:80,0
DA:82,0
DA:83,0
DA:85,0
DA:87,0
DA:88,0
DA:99,0
DA:101,0
DA:102,0
DA:105,0
DA:107,0
DA:108,0
DA:109,0
DA:110,0
DA:113,0
DA:122,0
DA:123,0
DA:124,0
DA:125,0
DA:126,0
DA:129,0
DA:139,0
DA:140,0
DA:141,0
DA:142,0
DA:143,0
DA:144,0
DA:146,0
DA:147,0
DA:150,0
DA:160,0
DA:161,0
DA:162,0
DA:163,0
DA:164,0
DA:165,0
DA:167,0
DA:169,0
DA:170,0
DA:179,0
DA:180,0
DA:181,0
DA:182,0
DA:184,0
DA:190,0
DA:191,0
DA:192,0
DA:198,0
DA:203,0
DA:214,0
DA:215,0
DA:216,0
DA:218,0
DA:227,0
DA:228,0
DA:229,0
DA:230,0
DA:231,0
DA:232,0
DA:235,0
DA:243,0
DA:244,0
DA:246,0
DA:247,0
DA:248,0
DA:249,0
DA:253,0
DA:258,1
LF:97
LH:17
BRDA:14,0,0,1
BRDA:14,0,1,0
BRDA:21,1,0,0
BRDA:21,1,1,0
BRDA:41,2,0,0
BRDA:41,2,1,0
BRDA:41,3,0,0
BRDA:41,3,1,0
BRDA:69,4,0,60
BRDA:69,4,1,0
BRDA:71,5,0,60
BRDA:71,5,1,0
BRDA:82,6,0,0
BRDA:82,6,1,0
BRDA:98,7,0,0
BRDA:101,8,0,0
BRDA:101,8,1,0
BRDA:105,9,0,0
BRDA:105,9,1,0
BRDA:107,10,0,0
BRDA:107,10,1,0
BRDA:109,11,0,0
BRDA:109,11,1,0
BRDA:123,12,0,0
BRDA:123,12,1,0
BRDA:125,13,0,0
BRDA:125,13,1,0
BRDA:140,14,0,0
BRDA:140,14,1,0
BRDA:142,15,0,0
BRDA:142,15,1,0
BRDA:146,16,0,0
BRDA:146,16,1,0
BRDA:161,17,0,0
BRDA:161,17,1,0
BRDA:164,18,0,0
BRDA:164,18,1,0
BRDA:180,19,0,0
BRDA:180,19,1,0
BRDA:190,20,0,0
BRDA:190,20,1,0
BRDA:227,21,0,0
BRDA:227,21,1,0
BRDA:228,22,0,0
BRDA:228,22,1,0
BRDA:229,23,0,0
BRDA:229,23,1,0
BRDA:230,24,0,0
BRDA:230,24,1,0
BRDA:231,25,0,0
BRDA:231,25,1,0
BRDA:232,26,0,0
BRDA:232,26,1,0
BRDA:247,27,0,0
BRDA:247,27,1,0
BRF:55
BRH:3
end_of_record
TN:
SF:services\dataProcessor.js
FN:5,(anonymous_0)
FN:8,(anonymous_1)
FN:22,(anonymous_2)
FN:29,(anonymous_3)
FN:32,(anonymous_4)
FN:33,(anonymous_5)
FN:48,(anonymous_6)
FN:52,(anonymous_7)
FN:54,(anonymous_8)
FN:63,(anonymous_9)
FN:65,(anonymous_10)
FN:66,(anonymous_11)
FN:77,(anonymous_12)
FN:84,(anonymous_13)
FN:86,(anonymous_14)
FN:96,(anonymous_15)
FN:113,(anonymous_16)
FN:151,(anonymous_17)
FNF:18
FNH:15
FNDA:1,(anonymous_0)
FNDA:1,(anonymous_1)
FNDA:1,(anonymous_2)
FNDA:3,(anonymous_3)
FNDA:4,(anonymous_4)
FNDA:7,(anonymous_5)
FNDA:5,(anonymous_6)
FNDA:6,(anonymous_7)
FNDA:6,(anonymous_8)
FNDA:1,(anonymous_9)
FNDA:1,(anonymous_10)
FNDA:1,(anonymous_11)
FNDA:0,(anonymous_12)
FNDA:2,(anonymous_13)
FNDA:2,(anonymous_14)
FNDA:3,(anonymous_15)
FNDA:0,(anonymous_16)
FNDA:0,(anonymous_17)
DA:7,1
DA:8,1
DA:9,1
DA:13,1
DA:16,1
DA:18,1
DA:22,1
DA:30,3
DA:32,3
DA:33,4
DA:34,7
DA:35,6
DA:41,7
DA:42,7
DA:47,3
DA:48,5
DA:52,6
DA:54,6
DA:64,1
DA:65,1
DA:67,1
DA:68,1
DA:77,0
DA:86,2
DA:87,2
DA:88,2
DA:91,2
DA:92,2
DA:94,2
DA:95,2
DA:96,3
DA:98,2
DA:104,2
DA:107,2
DA:114,0
DA:145,0
DA:152,0
DA:173,0
DA:177,2
LF:39
LH:34
BRDA:34,0,0,6
BRDA:34,0,1,1
BRDA:56,1,0,6
BRDA:56,1,1,0
BRDA:70,2,0,1
BRDA:70,2,1,1
BRDA:100,3,0,2
BRDA:100,3,1,0
BRDA:101,4,0,2
BRDA:101,4,1,0
BRDA:113,5,0,0
BRDA:145,6,0,0
BRDA:145,6,1,0
BRDA:173,7,0,0
BRDA:173,7,1,0
BRF:15
BRH:7
end_of_record
TN:
SF:services\databaseService.js
FN:6,(anonymous_0)
FN:11,(anonymous_1)
FN:12,(anonymous_2)
FN:19,(anonymous_3)
FN:27,(anonymous_4)
FN:33,(anonymous_5)
FN:34,(anonymous_6)
FN:44,(anonymous_7)
FN:56,(anonymous_8)
FN:57,(anonymous_9)
FN:69,(anonymous_10)
FN:86,(anonymous_11)
FN:87,(anonymous_12)
FN:89,(anonymous_13)
FN:99,(anonymous_14)
FN:100,(anonymous_15)
FN:102,(anonymous_16)
FN:112,(anonymous_17)
FN:130,(anonymous_18)
FN:131,(anonymous_19)
FN:133,(anonymous_20)
FNF:21
FNH:8
FNDA:1,(anonymous_0)
FNDA:1,(anonymous_1)
FNDA:1,(anonymous_2)
FNDA:1,(anonymous_3)
FNDA:1,(anonymous_4)
FNDA:1,(anonymous_5)
FNDA:1,(anonymous_6)
FNDA:1,(anonymous_7)
FNDA:0,(anonymous_8)
FNDA:0,(anonymous_9)
FNDA:0,(anonymous_10)
FNDA:0,(anonymous_11)
FNDA:0,(anonymous_12)
FNDA:0,(anonymous_13)
FNDA:0,(anonymous_14)
FNDA:0,(anonymous_15)
FNDA:0,(anonymous_16)
FNDA:0,(anonymous_17)
FNDA:0,(anonymous_18)
FNDA:0,(anonymous_19)
FNDA:0,(anonymous_20)
DA:1,1
DA:2,1
DA:3,1
DA:7,1
DA:8,1
DA:12,1
DA:13,1
DA:14,1
DA:15,1
DA:16,0
DA:19,1
DA:20,1
DA:21,0
DA:22,0
DA:23,0
DA:25,1
DA:26,1
DA:27,1
DA:34,1
DA:35,1
DA:44,1
DA:45,1
DA:46,0
DA:47,0
DA:48,0
DA:50,1
DA:51,1
DA:57,0
DA:58,0
DA:59,0
DA:60,0
DA:61,0
DA:62,0
DA:65,0
DA:66,0
DA:68,0
DA:69,0
DA:70,0
DA:71,0
DA:72,0
DA:74,0
DA:81,0
DA:87,0
DA:88,0
DA:89,0
DA:90,0
DA:91,0
DA:92,0
DA:94,0
DA:100,0
DA:101,0
DA:102,0
DA:103,0
DA:104,0
DA:105,0
DA:107,0
DA:113,0
DA:114,0
DA:115,0
DA:118,0
DA:119,0
DA:120,0
DA:123,0
DA:131,0
DA:132,0
DA:133,0
DA:134,0
DA:135,0
DA:136,0
DA:138,0
DA:139,0
DA:142,0
DA:148,1
LF:73
LH:21
BRDA:15,0,0,0
BRDA:15,0,1,1
BRDA:20,1,0,0
BRDA:20,1,1,1
BRDA:45,2,0,0
BRDA:45,2,1,1
BRDA:60,3,0,0
BRDA:60,3,1,0
BRDA:70,4,0,0
BRDA:70,4,1,0
BRDA:90,5,0,0
BRDA:90,5,1,0
BRDA:94,6,0,0
BRDA:94,6,1,0
BRDA:103,7,0,0
BRDA:103,7,1,0
BRDA:107,8,0,0
BRDA:107,8,1,0
BRDA:114,9,0,0
BRDA:114,9,1,0
BRDA:119,10,0,0
BRDA:119,10,1,0
BRDA:132,11,0,0
BRDA:132,11,1,0
BRDA:134,12,0,0
BRDA:134,12,1,0
BRF:26
BRH:3
end_of_record
TN:
SF:services\errorMonitor.js
FN:7,(anonymous_0)
FN:13,(anonymous_1)
FN:18,(anonymous_2)
FN:23,(anonymous_3)
FN:28,(anonymous_4)
FN:37,(anonymous_5)
FN:68,(anonymous_6)
FN:77,(anonymous_7)
FN:85,(anonymous_8)
FN:99,(anonymous_9)
FN:104,(anonymous_10)
FN:108,(anonymous_11)
FN:124,(anonymous_12)
FN:131,(anonymous_13)
FN:139,(anonymous_14)
FN:151,(anonymous_15)
FN:152,(anonymous_16)
FNF:17
FNH:3
FNDA:1,(anonymous_0)
FNDA:0,(anonymous_1)
FNDA:0,(anonymous_2)
FNDA:0,(anonymous_3)
FNDA:0,(anonymous_4)
FNDA:0,(anonymous_5)
FNDA:0,(anonymous_6)
FNDA:0,(anonymous_7)
FNDA:0,(anonymous_8)
FNDA:1,(anonymous_9)
FNDA:0,(anonymous_10)
FNDA:0,(anonymous_11)
FNDA:0,(anonymous_12)
FNDA:0,(anonymous_13)
FNDA:0,(anonymous_14)
FNDA:1,(anonymous_15)
FNDA:0,(anonymous_16)
DA:1,1
DA:8,1
DA:9,1
DA:10,1
DA:13,1
DA:14,0
DA:18,1
DA:19,0
DA:23,1
DA:24,0
DA:25,0
DA:28,1
DA:29,0
DA:30,0
DA:38,0
DA:40,0
DA:49,0
DA:52,0
DA:53,0
DA:57,0
DA:62,0
DA:69,0
DA:74,0
DA:77,0
DA:78,0
DA:86,0
DA:88,0
DA:93,0
DA:100,1
DA:101,1
DA:102,1
DA:104,1
DA:105,0
DA:108,1
DA:109,0
DA:112,1
DA:125,0
DA:132,0
DA:133,0
DA:140,0
DA:145,0
DA:152,1
DA:154,0
DA:162,0
DA:164,0
DA:174,1
LF:46
LH:16
BRDA:37,0,0,0
BRDA:42,1,0,0
BRDA:42,1,1,0
BRDA:52,2,0,0
BRDA:52,2,1,0
BRDA:86,3,0,0
BRDA:86,3,1,0
BRDA:124,4,0,0
BRDA:164,5,0,0
BRDA:164,5,1,0
BRDA:166,6,0,0
BRDA:166,6,1,0
BRDA:167,7,0,0
BRDA:167,7,1,0
BRF:14
BRH:0
end_of_record
TN:
SF:services\githubService.js
FN:6,(anonymous_0)
FN:21,(anonymous_1)
FN:50,(anonymous_2)
FN:97,(anonymous_3)
FN:98,(anonymous_4)
FN:125,(anonymous_5)
FN:150,(anonymous_6)
FN:159,(anonymous_7)
FN:166,(anonymous_8)
FN:167,(anonymous_9)
FN:177,(anonymous_10)
FN:206,(anonymous_11)
FN:246,(anonymous_12)
FNF:13
FNH:5
FNDA:1,(anonymous_0)
FNDA:3,(anonymous_1)
FNDA:27,(anonymous_2)
FNDA:0,(anonymous_3)
FNDA:0,(anonymous_4)
FNDA:27,(anonymous_5)
FNDA:0,(anonymous_6)
FNDA:0,(anonymous_7)
FNDA:0,(anonymous_8)
FNDA:0,(anonymous_9)
FNDA:1,(anonymous_10)
FNDA:0,(anonymous_11)
FNDA:0,(anonymous_12)
DA:1,1
DA:2,1
DA:3,1
DA:7,1
DA:8,1
DA:9,1
DA:13,1
DA:14,1
DA:22,3
DA:25,3
DA:26,3
DA:27,0
DA:28,0
DA:31,3
DA:33,3
DA:34,3
DA:39,0
DA:41,0
DA:43,3
DA:51,27
DA:54,27
DA:55,27
DA:56,0
DA:57,0
DA:60,27
DA:62,27
DA:64,27
DA:83,27
DA:89,0
DA:90,0
DA:93,0
DA:96,0
DA:97,0
DA:98,0
DA:99,0
DA:107,0
DA:113,0
DA:115,0
DA:118,27
DA:126,27
DA:127,27
DA:128,27
DA:130,27
DA:133,27
DA:146,0
DA:149,0
DA:150,0
DA:151,0
DA:152,0
DA:153,0
DA:155,0
DA:159,0
DA:165,0
DA:166,0
DA:167,0
DA:170,26
DA:178,1
DA:181,1
DA:182,1
DA:183,0
DA:184,0
DA:187,1
DA:189,1
DA:190,1
DA:202,0
DA:205,0
DA:207,0
DA:208,0
DA:213,0
DA:222,0
DA:235,0
DA:237,0
DA:239,1
DA:247,0
DA:248,0
DA:249,0
DA:250,0
DA:251,0
DA:255,1
LF:79
LH:37
BRDA:6,0,0,0
BRDA:13,1,0,1
BRDA:13,1,1,0
BRDA:26,2,0,0
BRDA:26,2,1,3
BRDA:43,3,0,0
BRDA:43,3,1,3
BRDA:55,4,0,0
BRDA:55,4,1,27
BRDA:89,5,0,0
BRDA:89,5,1,0
BRDA:146,6,0,0
BRDA:146,6,1,0
BRDA:152,7,0,0
BRDA:152,7,1,0
BRDA:182,8,0,0
BRDA:182,8,1,1
BRDA:247,9,0,0
BRDA:247,9,1,0
BRDA:248,10,0,0
BRDA:248,10,1,0
BRDA:249,11,0,0
BRDA:249,11,1,0
BRDA:250,12,0,0
BRDA:250,12,1,0
BRF:25
BRH:5
end_of_record
TN:
SF:services\heatmapRenderer.js
FN:2,(anonymous_0)
FN:13,(anonymous_1)
FN:68,(anonymous_2)
FN:72,(anonymous_3)
FN:88,(anonymous_4)
FN:95,(anonymous_5)
FN:114,(anonymous_6)
FN:118,(anonymous_7)
FN:131,(anonymous_8)
FN:134,(anonymous_9)
FN:135,(anonymous_10)
FN:153,(anonymous_11)
FN:161,(anonymous_12)
FN:174,(anonymous_13)
FN:188,(anonymous_14)
FN:190,(anonymous_15)
FN:212,(anonymous_16)
FN:262,(anonymous_17)
FN:300,(anonymous_18)
FN:328,(anonymous_19)
FNF:20
FNH:1
FNDA:1,(anonymous_0)
FNDA:0,(anonymous_1)
FNDA:0,(anonymous_2)
FNDA:0,(anonymous_3)
FNDA:0,(anonymous_4)
FNDA:0,(anonymous_5)
FNDA:0,(anonymous_6)
FNDA:0,(anonymous_7)
FNDA:0,(anonymous_8)
FNDA:0,(anonymous_9)
FNDA:0,(anonymous_10)
FNDA:0,(anonymous_11)
FNDA:0,(anonymous_12)
FNDA:0,(anonymous_13)
FNDA:0,(anonymous_14)
FNDA:0,(anonymous_15)
FNDA:0,(anonymous_16)
FNDA:0,(anonymous_17)
FNDA:0,(anonymous_18)
FNDA:0,(anonymous_19)
DA:3,1
DA:4,1
DA:5,1
DA:6,1
DA:7,1
DA:19,0
DA:22,0
DA:25,0
DA:26,0
DA:28,0
DA:29,0
DA:32,0
DA:34,0
DA:35,0
DA:36,0
DA:39,0
DA:40,0
DA:44,0
DA:45,0
DA:49,0
DA:50,0
DA:54,0
DA:57,0
DA:58,0
DA:61,0
DA:62,0
DA:69,0
DA:70,0
DA:72,0
DA:73,0
DA:76,0
DA:77,0
DA:78,0
DA:82,0
DA:89,0
DA:90,0
DA:93,0
DA:95,0
DA:96,0
DA:97,0
DA:98,0
DA:100,0
DA:101,0
DA:102,0
DA:103,0
DA:108,0
DA:115,0
DA:116,0
DA:118,0
DA:119,0
DA:120,0
DA:121,0
DA:125,0
DA:132,0
DA:134,0
DA:135,0
DA:136,0
DA:137,0
DA:140,0
DA:143,0
DA:147,0
DA:154,0
DA:156,0
DA:158,0
DA:161,0
DA:162,0
DA:163,0
DA:166,0
DA:168,0
DA:175,0
DA:176,0
DA:177,0
DA:180,0
DA:183,0
DA:184,0
DA:185,0
DA:186,0
DA:188,0
DA:190,0
DA:191,0
DA:192,0
DA:195,0
DA:198,0
DA:199,0
DA:202,0
DA:205,0
DA:206,0
DA:213,0
DA:214,0
DA:216,0
DA:217,0
DA:220,0
DA:221,0
DA:222,0
DA:223,0
DA:224,0
DA:225,0
DA:226,0
DA:229,0
DA:232,0
DA:234,0
DA:235,0
DA:239,0
DA:240,0
DA:243,0
DA:244,0
DA:247,0
DA:248,0
DA:252,0
DA:253,0
DA:255,0
DA:256,0
DA:263,0
DA:294,0
DA:301,0
DA:322,0
DA:329,0
DA:330,0
DA:339,1
LF:119
LH:6
BRDA:13,0,0,0
BRDA:13,1,0,0
BRDA:15,2,0,0
BRDA:16,3,0,0
BRDA:17,4,0,0
BRDA:18,5,0,0
BRDA:28,6,0,0
BRDA:28,6,1,0
BRDA:29,7,0,0
BRDA:29,7,1,0
BRDA:39,8,0,0
BRDA:39,8,1,0
BRDA:39,9,0,0
BRDA:39,9,1,0
BRDA:44,10,0,0
BRDA:44,10,1,0
BRDA:49,11,0,0
BRDA:49,11,1,0
BRDA:57,12,0,0
BRDA:57,12,1,0
BRDA:76,13,0,0
BRDA:76,13,1,0
BRDA:76,14,0,0
BRDA:76,14,1,0
BRDA:96,15,0,0
BRDA:96,15,1,0
BRDA:100,16,0,0
BRDA:100,16,1,0
BRDA:119,17,0,0
BRDA:119,17,1,0
BRDA:140,18,0,0
BRDA:140,18,1,0
BRDA:174,19,0,0
BRDA:174,20,0,0
BRDA:212,21,0,0
BRDA:234,22,0,0
BRDA:234,22,1,0
BRDA:243,23,0,0
BRDA:243,23,1,0
BRDA:294,24,0,0
BRDA:294,24,1,0
BRDA:322,25,0,0
BRDA:322,25,1,0
BRDA:329,26,0,0
BRDA:329,26,1,0
BRF:45
BRH:0
end_of_record
