TN:
SF:services\dataProcessor.js
FN:5,(anonymous_0)
FN:8,(anonymous_1)
FN:22,(anonymous_2)
FN:29,(anonymous_3)
FN:32,(anonymous_4)
FN:33,(anonymous_5)
FN:48,(anonymous_6)
FN:52,(anonymous_7)
FN:54,(anonymous_8)
FN:63,(anonymous_9)
FN:65,(anonymous_10)
FN:66,(anonymous_11)
FN:77,(anonymous_12)
FN:84,(anonymous_13)
FN:86,(anonymous_14)
FN:96,(anonymous_15)
FN:113,(anonymous_16)
FN:151,(anonymous_17)
FNF:18
FNH:15
FNDA:1,(anonymous_0)
FNDA:1,(anonymous_1)
FNDA:1,(anonymous_2)
FNDA:3,(anonymous_3)
FNDA:4,(anonymous_4)
FNDA:7,(anonymous_5)
FNDA:5,(anonymous_6)
FNDA:6,(anonymous_7)
FNDA:6,(anonymous_8)
FNDA:1,(anonymous_9)
FNDA:1,(anonymous_10)
FNDA:1,(anonymous_11)
FNDA:0,(anonymous_12)
FNDA:2,(anonymous_13)
FNDA:2,(anonymous_14)
FNDA:3,(anonymous_15)
FNDA:0,(anonymous_16)
FNDA:0,(anonymous_17)
DA:7,1
DA:8,1
DA:9,1
DA:13,1
DA:16,1
DA:18,1
DA:22,1
DA:30,3
DA:32,3
DA:33,4
DA:34,7
DA:35,6
DA:41,7
DA:42,7
DA:47,3
DA:48,5
DA:52,6
DA:54,6
DA:64,1
DA:65,1
DA:67,1
DA:68,1
DA:77,0
DA:86,2
DA:87,2
DA:88,2
DA:91,2
DA:92,2
DA:94,2
DA:95,2
DA:96,3
DA:98,2
DA:104,2
DA:107,2
DA:114,0
DA:145,0
DA:152,0
DA:173,0
DA:177,1
LF:39
LH:34
BRDA:34,0,0,6
BRDA:34,0,1,1
BRDA:56,1,0,6
BRDA:56,1,1,0
BRDA:70,2,0,1
BRDA:70,2,1,1
BRDA:100,3,0,2
BRDA:100,3,1,0
BRDA:101,4,0,2
BRDA:101,4,1,0
BRDA:113,5,0,0
BRDA:145,6,0,0
BRDA:145,6,1,0
BRDA:173,7,0,0
BRDA:173,7,1,0
BRF:15
BRH:7
end_of_record
